This file contains any messages produced by compilers while
running configure, to aid debugging if configure makes a mistake.

It was created by configure, which was
generated by GNU Autoconf 2.69.  Invocation command line was

  $ ./configure --prefix=/home/jiamin/usr --with-pcre=/home/jiamin/usr/

## --------- ##
## Platform. ##
## --------- ##

hostname = salat3.eecs.umich.edu
uname -m = x86_64
uname -r = 2.6.32-573.8.1.el6.x86_64
uname -s = Linux
uname -v = #1 SMP Fri Sep 25 19:24:22 EDT 2015

/usr/bin/uname -p = unknown
/bin/uname -X     = unknown

/bin/arch              = x86_64
/usr/bin/arch -k       = unknown
/usr/convex/getsysinfo = unknown
/usr/bin/hostinfo      = unknown
/bin/machine           = unknown
/usr/bin/oslevel       = unknown
/bin/universe          = unknown

PATH: /home/jiamin/jdk1.8.0_71/bin
PATH: /home/jiamin/python/bin
PATH: /home/jiamin/gcc/bin
PATH: /home/jiamin/tmux/bin
PATH: /home/jiamin/ant/bin
PATH: /home/jiamin/postgres/bin
PATH: /home/jiamin/usr/bin
PATH: /usr/local/bin
PATH: /usr/bin
PATH: /bin
PATH: /usr/sbin
PATH: /sbin
PATH: /Users/sens/Developer/Android/sdk/platform-tools/
PATH: /home/jiamin/mysql/bin
PATH: /home/jiamin/voltdb/bin


## ----------- ##
## Core tests. ##
## ----------- ##

configure:3094: checking for chosen layout
configure:3096: result: Apache
configure:3899: checking for working mkdir -p
configure:3915: result: yes
configure:3924: checking for grep that handles long lines and -e
configure:3982: result: /bin/grep
configure:3987: checking for egrep
configure:4049: result: /bin/grep -E
configure:4065: checking build system type
configure:4079: result: x86_64-unknown-linux-gnu
configure:4099: checking host system type
configure:4112: result: x86_64-unknown-linux-gnu
configure:4132: checking target system type
configure:4145: result: x86_64-unknown-linux-gnu
configure:4175: 
configure:4177: Configuring Apache Portable Runtime library...
configure:4179: 
configure:4220: checking for APR
configure:4365: result: reconfig
configure:4625: 
configure:4627: Configuring Apache Portable Runtime Utility library...
configure:4629: 
configure:4666: checking for APR-util
configure:4745: result: reconfig
configure:5006: checking for gcc
configure:5033: result: /home/jiamin/gcc/bin/gcc
configure:5262: checking for C compiler version
configure:5271: /home/jiamin/gcc/bin/gcc --version >&5
gcc (GCC) 4.9.2
Copyright (C) 2014 Free Software Foundation, Inc.
This is free software; see the source for copying conditions.  There is NO
warranty; not even for MERCHANTABILITY or FITNESS FOR A PARTICULAR PURPOSE.

configure:5282: $? = 0
configure:5271: /home/jiamin/gcc/bin/gcc -v >&5
Using built-in specs.
COLLECT_GCC=/home/jiamin/gcc/bin/gcc
COLLECT_LTO_WRAPPER=/home/jiamin/gcc/libexec/gcc/x86_64-unknown-linux-gnu/4.9.2/lto-wrapper
Target: x86_64-unknown-linux-gnu
Configured with: ../gcc-4.9.2/configure --prefix=/home/jiamin/gcc --disable-multilib --enable-shared --enable-languages=c,c++
Thread model: posix
gcc version 4.9.2 (GCC) 
configure:5282: $? = 0
configure:5271: /home/jiamin/gcc/bin/gcc -V >&5
gcc: error: unrecognized command line option '-V'
gcc: fatal error: no input files
compilation terminated.
configure:5282: $? = 1
configure:5271: /home/jiamin/gcc/bin/gcc -qversion >&5
gcc: error: unrecognized command line option '-qversion'
gcc: fatal error: no input files
compilation terminated.
configure:5282: $? = 1
configure:5302: checking whether the C compiler works
configure:5324: /home/jiamin/gcc/bin/gcc  -g -O2 -pthread  -DLINUX -D_REENTRANT -D_GNU_SOURCE   conftest.c  >&5
configure:5328: $? = 0
configure:5376: result: yes
configure:5379: checking for C compiler default output file name
configure:5381: result: a.out
configure:5387: checking for suffix of executables
configure:5394: /home/jiamin/gcc/bin/gcc -o conftest  -g -O2 -pthread  -DLINUX -D_REENTRANT -D_GNU_SOURCE   conftest.c  >&5
configure:5398: $? = 0
configure:5420: result: 
configure:5442: checking whether we are cross compiling
configure:5450: /home/jiamin/gcc/bin/gcc -o conftest  -g -O2 -pthread  -DLINUX -D_REENTRANT -D_GNU_SOURCE   conftest.c  >&5
configure:5454: $? = 0
configure:5461: ./conftest
configure:5465: $? = 0
configure:5480: result: no
configure:5485: checking for suffix of object files
configure:5507: /home/jiamin/gcc/bin/gcc -c  -g -O2 -pthread  -DLINUX -D_REENTRANT -D_GNU_SOURCE conftest.c >&5
configure:5511: $? = 0
configure:5532: result: o
configure:5536: checking whether we are using the GNU C compiler
configure:5555: /home/jiamin/gcc/bin/gcc -c  -g -O2 -pthread  -DLINUX -D_REENTRANT -D_GNU_SOURCE conftest.c >&5
configure:5555: $? = 0
configure:5564: result: yes
configure:5573: checking whether /home/jiamin/gcc/bin/gcc accepts -g
configure:5593: /home/jiamin/gcc/bin/gcc -c -g  -DLINUX -D_REENTRANT -D_GNU_SOURCE conftest.c >&5
configure:5593: $? = 0
configure:5634: result: yes
configure:5651: checking for /home/jiamin/gcc/bin/gcc option to accept ISO C89
configure:5714: /home/jiamin/gcc/bin/gcc  -c  -g -O2 -pthread  -DLINUX -D_REENTRANT -D_GNU_SOURCE conftest.c >&5
configure:5714: $? = 0
configure:5727: result: none needed
configure:5752: checking how to run the C preprocessor
configure:5822: result: /home/jiamin/gcc/bin/gcc -E
configure:5842: /home/jiamin/gcc/bin/gcc -E  -DLINUX -D_REENTRANT -D_GNU_SOURCE conftest.c
configure:5842: $? = 0
configure:5856: /home/jiamin/gcc/bin/gcc -E  -DLINUX -D_REENTRANT -D_GNU_SOURCE conftest.c
conftest.c:9:28: fatal error: ac_nonexistent.h: No such file or directory
 #include <ac_nonexistent.h>
                            ^
compilation terminated.
configure:5856: $? = 1
configure: failed program was:
| /* confdefs.h */
| #define PACKAGE_NAME ""
| #define PACKAGE_TARNAME ""
| #define PACKAGE_VERSION ""
| #define PACKAGE_STRING ""
| #define PACKAGE_BUGREPORT ""
| #define PACKAGE_URL ""
| /* end confdefs.h.  */
| #include <ac_nonexistent.h>
configure:5885: checking for /home/jiamin/gcc/bin/gcc option to accept ISO C99
configure:6034: /home/jiamin/gcc/bin/gcc  -c  -g -O2 -pthread  -DLINUX -D_REENTRANT -D_GNU_SOURCE conftest.c >&5
conftest.c:59:29: error: expected ';', ',' or ')' before 'text'
 test_restrict (ccp restrict text)
                             ^
conftest.c: In function 'main':
conftest.c:113:18: error: expected '=', ',', ';', 'asm' or '__attribute__' before 'newvar'
   char *restrict newvar = "Another string";
                  ^
conftest.c:113:18: error: 'newvar' undeclared (first use in this function)
conftest.c:113:18: note: each undeclared identifier is reported only once for each function it appears in
conftest.c:123:3: error: 'for' loop initial declarations are only allowed in C99 or C11 mode
   for (int i = 0; i < ia->datasize; ++i)
   ^
conftest.c:123:3: note: use option -std=c99, -std=gnu99, -std=c11 or -std=gnu11 to compile your code
configure:6034: $? = 1
configure: failed program was:
| /* confdefs.h */
| #define PACKAGE_NAME ""
| #define PACKAGE_TARNAME ""
| #define PACKAGE_VERSION ""
| #define PACKAGE_STRING ""
| #define PACKAGE_BUGREPORT ""
| #define PACKAGE_URL ""
| /* end confdefs.h.  */
| #include <stdarg.h>
| #include <stdbool.h>
| #include <stdlib.h>
| #include <wchar.h>
| #include <stdio.h>
| 
| // Check varargs macros.  These examples are taken from C99 6.10.3.5.
| #define debug(...) fprintf (stderr, __VA_ARGS__)
| #define showlist(...) puts (#__VA_ARGS__)
| #define report(test,...) ((test) ? puts (#test) : printf (__VA_ARGS__))
| static void
| test_varargs_macros (void)
| {
|   int x = 1234;
|   int y = 5678;
|   debug ("Flag");
|   debug ("X = %d\n", x);
|   showlist (The first, second, and third items.);
|   report (x>y, "x is %d but y is %d", x, y);
| }
| 
| // Check long long types.
| #define BIG64 18446744073709551615ull
| #define BIG32 4294967295ul
| #define BIG_OK (BIG64 / BIG32 == 4294967297ull && BIG64 % BIG32 == 0)
| #if !BIG_OK
|   your preprocessor is broken;
| #endif
| #if BIG_OK
| #else
|   your preprocessor is broken;
| #endif
| static long long int bignum = -9223372036854775807LL;
| static unsigned long long int ubignum = BIG64;
| 
| struct incomplete_array
| {
|   int datasize;
|   double data[];
| };
| 
| struct named_init {
|   int number;
|   const wchar_t *name;
|   double average;
| };
| 
| typedef const char *ccp;
| 
| static inline int
| test_restrict (ccp restrict text)
| {
|   // See if C++-style comments work.
|   // Iterate through items via the restricted pointer.
|   // Also check for declarations in for loops.
|   for (unsigned int i = 0; *(text+i) != '\0'; ++i)
|     continue;
|   return 0;
| }
| 
| // Check varargs and va_copy.
| static void
| test_varargs (const char *format, ...)
| {
|   va_list args;
|   va_start (args, format);
|   va_list args_copy;
|   va_copy (args_copy, args);
| 
|   const char *str;
|   int number;
|   float fnumber;
| 
|   while (*format)
|     {
|       switch (*format++)
| 	{
| 	case 's': // string
| 	  str = va_arg (args_copy, const char *);
| 	  break;
| 	case 'd': // int
| 	  number = va_arg (args_copy, int);
| 	  break;
| 	case 'f': // float
| 	  fnumber = va_arg (args_copy, double);
| 	  break;
| 	default:
| 	  break;
| 	}
|     }
|   va_end (args_copy);
|   va_end (args);
| }
| 
| int
| main ()
| {
| 
|   // Check bool.
|   _Bool success = false;
| 
|   // Check restrict.
|   if (test_restrict ("String literal") == 0)
|     success = true;
|   char *restrict newvar = "Another string";
| 
|   // Check varargs.
|   test_varargs ("s, d' f .", "string", 65, 34.234);
|   test_varargs_macros ();
| 
|   // Check flexible array members.
|   struct incomplete_array *ia =
|     malloc (sizeof (struct incomplete_array) + (sizeof (double) * 10));
|   ia->datasize = 10;
|   for (int i = 0; i < ia->datasize; ++i)
|     ia->data[i] = i * 1.234;
| 
|   // Check named initializers.
|   struct named_init ni = {
|     .number = 34,
|     .name = L"Test wide string",
|     .average = 543.34343,
|   };
| 
|   ni.number = 58;
| 
|   int dynamic_array[ni.number];
|   dynamic_array[ni.number - 1] = 543;
| 
|   // work around unused variable warnings
|   return (!success || bignum == 0LL || ubignum == 0uLL || newvar[0] == 'x'
| 	  || dynamic_array[ni.number - 1] != 543);
| 
|   ;
|   return 0;
| }
configure:6034: /home/jiamin/gcc/bin/gcc -std=gnu99 -c  -g -O2 -pthread  -DLINUX -D_REENTRANT -D_GNU_SOURCE conftest.c >&5
configure:6034: $? = 0
configure:6054: result: -std=gnu99
configure:6078: checking for pcre-config
configure:6096: found /home/jiamin/usr/bin/pcre-config
configure:6109: result: /home/jiamin/usr/bin/pcre-config
configure:6132: Using external PCRE library from /home/jiamin/usr//bin/pcre-config
configure:6184: 
configure:6186: Configuring Apache httpd...
configure:6188: 
configure:6328: 
configure:6330: Applying OS-specific hints for httpd...
configure:6332: 
configure:6498: checking for rm
configure:6516: found /bin/rm
configure:6528: result: /bin/rm
configure:6538: checking for pkg-config
configure:6556: found /usr/bin/pkg-config
configure:6568: result: /usr/bin/pkg-config
configure:6578: checking for rsync
configure:6596: found /usr/bin/rsync
configure:6608: result: /usr/bin/rsync
configure:6620: checking for gawk
configure:6636: found /usr/bin/gawk
configure:6647: result: gawk
configure:6658: checking whether ln -s works
configure:6662: result: yes
configure:6712: checking for ranlib
configure:6728: found /usr/bin/ranlib
configure:6739: result: ranlib
configure:6765: checking for lynx
configure:6795: result: no
configure:6765: checking for links
configure:6781: found /usr/bin/links
configure:6792: result: links
configure:6820: checking for ANSI C header files
configure:6840: /home/jiamin/gcc/bin/gcc -std=gnu99 -c  -g -O2 -pthread  -DLINUX -D_REENTRANT -D_GNU_SOURCE conftest.c >&5
configure:6840: $? = 0
configure:6913: /home/jiamin/gcc/bin/gcc -std=gnu99 -o conftest  -g -O2 -pthread  -DLINUX -D_REENTRANT -D_GNU_SOURCE   conftest.c  >&5
configure:6913: $? = 0
configure:6913: ./conftest
configure:6913: $? = 0
configure:6924: result: yes
configure:6937: checking for sys/types.h
configure:6937: /home/jiamin/gcc/bin/gcc -std=gnu99 -c  -g -O2 -pthread  -DLINUX -D_REENTRANT -D_GNU_SOURCE conftest.c >&5
configure:6937: $? = 0
configure:6937: result: yes
configure:6937: checking for sys/stat.h
configure:6937: /home/jiamin/gcc/bin/gcc -std=gnu99 -c  -g -O2 -pthread  -DLINUX -D_REENTRANT -D_GNU_SOURCE conftest.c >&5
configure:6937: $? = 0
configure:6937: result: yes
configure:6937: checking for stdlib.h
configure:6937: /home/jiamin/gcc/bin/gcc -std=gnu99 -c  -g -O2 -pthread  -DLINUX -D_REENTRANT -D_GNU_SOURCE conftest.c >&5
configure:6937: $? = 0
configure:6937: result: yes
configure:6937: checking for string.h
configure:6937: /home/jiamin/gcc/bin/gcc -std=gnu99 -c  -g -O2 -pthread  -DLINUX -D_REENTRANT -D_GNU_SOURCE conftest.c >&5
configure:6937: $? = 0
configure:6937: result: yes
configure:6937: checking for memory.h
configure:6937: /home/jiamin/gcc/bin/gcc -std=gnu99 -c  -g -O2 -pthread  -DLINUX -D_REENTRANT -D_GNU_SOURCE conftest.c >&5
configure:6937: $? = 0
configure:6937: result: yes
configure:6937: checking for strings.h
configure:6937: /home/jiamin/gcc/bin/gcc -std=gnu99 -c  -g -O2 -pthread  -DLINUX -D_REENTRANT -D_GNU_SOURCE conftest.c >&5
configure:6937: $? = 0
configure:6937: result: yes
configure:6937: checking for inttypes.h
configure:6937: /home/jiamin/gcc/bin/gcc -std=gnu99 -c  -g -O2 -pthread  -DLINUX -D_REENTRANT -D_GNU_SOURCE conftest.c >&5
configure:6937: $? = 0
configure:6937: result: yes
configure:6937: checking for stdint.h
configure:6937: /home/jiamin/gcc/bin/gcc -std=gnu99 -c  -g -O2 -pthread  -DLINUX -D_REENTRANT -D_GNU_SOURCE conftest.c >&5
configure:6937: $? = 0
configure:6937: result: yes
configure:6937: checking for unistd.h
configure:6937: /home/jiamin/gcc/bin/gcc -std=gnu99 -c  -g -O2 -pthread  -DLINUX -D_REENTRANT -D_GNU_SOURCE conftest.c >&5
configure:6937: $? = 0
configure:6937: result: yes
configure:6950: checking minix/config.h usability
configure:6950: /home/jiamin/gcc/bin/gcc -std=gnu99 -c  -g -O2 -pthread  -DLINUX -D_REENTRANT -D_GNU_SOURCE conftest.c >&5
conftest.c:52:26: fatal error: minix/config.h: No such file or directory
 #include <minix/config.h>
                          ^
compilation terminated.
configure:6950: $? = 1
configure: failed program was:
| /* confdefs.h */
| #define PACKAGE_NAME ""
| #define PACKAGE_TARNAME ""
| #define PACKAGE_VERSION ""
| #define PACKAGE_STRING ""
| #define PACKAGE_BUGREPORT ""
| #define PACKAGE_URL ""
| #define STDC_HEADERS 1
| #define HAVE_SYS_TYPES_H 1
| #define HAVE_SYS_STAT_H 1
| #define HAVE_STDLIB_H 1
| #define HAVE_STRING_H 1
| #define HAVE_MEMORY_H 1
| #define HAVE_STRINGS_H 1
| #define HAVE_INTTYPES_H 1
| #define HAVE_STDINT_H 1
| #define HAVE_UNISTD_H 1
| /* end confdefs.h.  */
| #include <stdio.h>
| #ifdef HAVE_SYS_TYPES_H
| # include <sys/types.h>
| #endif
| #ifdef HAVE_SYS_STAT_H
| # include <sys/stat.h>
| #endif
| #ifdef STDC_HEADERS
| # include <stdlib.h>
| # include <stddef.h>
| #else
| # ifdef HAVE_STDLIB_H
| #  include <stdlib.h>
| # endif
| #endif
| #ifdef HAVE_STRING_H
| # if !defined STDC_HEADERS && defined HAVE_MEMORY_H
| #  include <memory.h>
| # endif
| # include <string.h>
| #endif
| #ifdef HAVE_STRINGS_H
| # include <strings.h>
| #endif
| #ifdef HAVE_INTTYPES_H
| # include <inttypes.h>
| #endif
| #ifdef HAVE_STDINT_H
| # include <stdint.h>
| #endif
| #ifdef HAVE_UNISTD_H
| # include <unistd.h>
| #endif
| #include <minix/config.h>
configure:6950: result: no
configure:6950: checking minix/config.h presence
configure:6950: /home/jiamin/gcc/bin/gcc -E  -DLINUX -D_REENTRANT -D_GNU_SOURCE conftest.c
conftest.c:19:26: fatal error: minix/config.h: No such file or directory
 #include <minix/config.h>
                          ^
compilation terminated.
configure:6950: $? = 1
configure: failed program was:
| /* confdefs.h */
| #define PACKAGE_NAME ""
| #define PACKAGE_TARNAME ""
| #define PACKAGE_VERSION ""
| #define PACKAGE_STRING ""
| #define PACKAGE_BUGREPORT ""
| #define PACKAGE_URL ""
| #define STDC_HEADERS 1
| #define HAVE_SYS_TYPES_H 1
| #define HAVE_SYS_STAT_H 1
| #define HAVE_STDLIB_H 1
| #define HAVE_STRING_H 1
| #define HAVE_MEMORY_H 1
| #define HAVE_STRINGS_H 1
| #define HAVE_INTTYPES_H 1
| #define HAVE_STDINT_H 1
| #define HAVE_UNISTD_H 1
| /* end confdefs.h.  */
| #include <minix/config.h>
configure:6950: result: no
configure:6950: checking for minix/config.h
configure:6950: result: no
configure:6971: checking whether it is safe to define __EXTENSIONS__
configure:6989: /home/jiamin/gcc/bin/gcc -std=gnu99 -c  -g -O2 -pthread  -DLINUX -D_REENTRANT -D_GNU_SOURCE conftest.c >&5
configure:6989: $? = 0
configure:6996: result: yes
configure:7012: checking for library containing strerror
configure:7043: /home/jiamin/gcc/bin/gcc -std=gnu99 -o conftest  -g -O2 -pthread  -DLINUX -D_REENTRANT -D_GNU_SOURCE   conftest.c  >&5
configure:7043: $? = 0
configure:7060: result: none required
configure:7265: checking for ANSI C header files
configure:7369: result: yes
configure:7393: checking for string.h
configure:7393: result: yes
configure:7393: checking limits.h usability
configure:7393: /home/jiamin/gcc/bin/gcc -std=gnu99 -c  -g -O2 -pthread  -DLINUX -D_REENTRANT -D_GNU_SOURCE conftest.c >&5
configure:7393: $? = 0
configure:7393: result: yes
configure:7393: checking limits.h presence
configure:7393: /home/jiamin/gcc/bin/gcc -E  -DLINUX -D_REENTRANT -D_GNU_SOURCE conftest.c
configure:7393: $? = 0
configure:7393: result: yes
configure:7393: checking for limits.h
configure:7393: result: yes
configure:7393: checking for unistd.h
configure:7393: result: yes
configure:7393: checking sys/socket.h usability
configure:7393: /home/jiamin/gcc/bin/gcc -std=gnu99 -c  -g -O2 -pthread  -DLINUX -D_REENTRANT -D_GNU_SOURCE conftest.c >&5
configure:7393: $? = 0
configure:7393: result: yes
configure:7393: checking sys/socket.h presence
configure:7393: /home/jiamin/gcc/bin/gcc -E  -DLINUX -D_REENTRANT -D_GNU_SOURCE conftest.c
configure:7393: $? = 0
configure:7393: result: yes
configure:7393: checking for sys/socket.h
configure:7393: result: yes
configure:7393: checking pwd.h usability
configure:7393: /home/jiamin/gcc/bin/gcc -std=gnu99 -c  -g -O2 -pthread  -DLINUX -D_REENTRANT -D_GNU_SOURCE conftest.c >&5
configure:7393: $? = 0
configure:7393: result: yes
configure:7393: checking pwd.h presence
configure:7393: /home/jiamin/gcc/bin/gcc -E  -DLINUX -D_REENTRANT -D_GNU_SOURCE conftest.c
configure:7393: $? = 0
configure:7393: result: yes
configure:7393: checking for pwd.h
configure:7393: result: yes
configure:7393: checking grp.h usability
configure:7393: /home/jiamin/gcc/bin/gcc -std=gnu99 -c  -g -O2 -pthread  -DLINUX -D_REENTRANT -D_GNU_SOURCE conftest.c >&5
configure:7393: $? = 0
configure:7393: result: yes
configure:7393: checking grp.h presence
configure:7393: /home/jiamin/gcc/bin/gcc -E  -DLINUX -D_REENTRANT -D_GNU_SOURCE conftest.c
configure:7393: $? = 0
configure:7393: result: yes
configure:7393: checking for grp.h
configure:7393: result: yes
configure:7393: checking for strings.h
configure:7393: result: yes
configure:7393: checking sys/prctl.h usability
configure:7393: /home/jiamin/gcc/bin/gcc -std=gnu99 -c  -g -O2 -pthread  -DLINUX -D_REENTRANT -D_GNU_SOURCE conftest.c >&5
configure:7393: $? = 0
configure:7393: result: yes
configure:7393: checking sys/prctl.h presence
configure:7393: /home/jiamin/gcc/bin/gcc -E  -DLINUX -D_REENTRANT -D_GNU_SOURCE conftest.c
configure:7393: $? = 0
configure:7393: result: yes
configure:7393: checking for sys/prctl.h
configure:7393: result: yes
configure:7393: checking sys/processor.h usability
configure:7393: /home/jiamin/gcc/bin/gcc -std=gnu99 -c  -g -O2 -pthread  -DLINUX -D_REENTRANT -D_GNU_SOURCE conftest.c >&5
conftest.c:66:27: fatal error: sys/processor.h: No such file or directory
 #include <sys/processor.h>
                           ^
compilation terminated.
configure:7393: $? = 1
configure: failed program was:
| /* confdefs.h */
| #define PACKAGE_NAME ""
| #define PACKAGE_TARNAME ""
| #define PACKAGE_VERSION ""
| #define PACKAGE_STRING ""
| #define PACKAGE_BUGREPORT ""
| #define PACKAGE_URL ""
| #define STDC_HEADERS 1
| #define HAVE_SYS_TYPES_H 1
| #define HAVE_SYS_STAT_H 1
| #define HAVE_STDLIB_H 1
| #define HAVE_STRING_H 1
| #define HAVE_MEMORY_H 1
| #define HAVE_STRINGS_H 1
| #define HAVE_INTTYPES_H 1
| #define HAVE_STDINT_H 1
| #define HAVE_UNISTD_H 1
| #define __EXTENSIONS__ 1
| #define _ALL_SOURCE 1
| #define _GNU_SOURCE 1
| #define _POSIX_PTHREAD_SEMANTICS 1
| #define _TANDEM_SOURCE 1
| #define STDC_HEADERS 1
| #define HAVE_STRING_H 1
| #define HAVE_LIMITS_H 1
| #define HAVE_UNISTD_H 1
| #define HAVE_SYS_SOCKET_H 1
| #define HAVE_PWD_H 1
| #define HAVE_GRP_H 1
| #define HAVE_STRINGS_H 1
| #define HAVE_SYS_PRCTL_H 1
| /* end confdefs.h.  */
| #include <stdio.h>
| #ifdef HAVE_SYS_TYPES_H
| # include <sys/types.h>
| #endif
| #ifdef HAVE_SYS_STAT_H
| # include <sys/stat.h>
| #endif
| #ifdef STDC_HEADERS
| # include <stdlib.h>
| # include <stddef.h>
| #else
| # ifdef HAVE_STDLIB_H
| #  include <stdlib.h>
| # endif
| #endif
| #ifdef HAVE_STRING_H
| # if !defined STDC_HEADERS && defined HAVE_MEMORY_H
| #  include <memory.h>
| # endif
| # include <string.h>
| #endif
| #ifdef HAVE_STRINGS_H
| # include <strings.h>
| #endif
| #ifdef HAVE_INTTYPES_H
| # include <inttypes.h>
| #endif
| #ifdef HAVE_STDINT_H
| # include <stdint.h>
| #endif
| #ifdef HAVE_UNISTD_H
| # include <unistd.h>
| #endif
| #include <sys/processor.h>
configure:7393: result: no
configure:7393: checking sys/processor.h presence
configure:7393: /home/jiamin/gcc/bin/gcc -E  -DLINUX -D_REENTRANT -D_GNU_SOURCE conftest.c
conftest.c:33:27: fatal error: sys/processor.h: No such file or directory
 #include <sys/processor.h>
                           ^
compilation terminated.
configure:7393: $? = 1
configure: failed program was:
| /* confdefs.h */
| #define PACKAGE_NAME ""
| #define PACKAGE_TARNAME ""
| #define PACKAGE_VERSION ""
| #define PACKAGE_STRING ""
| #define PACKAGE_BUGREPORT ""
| #define PACKAGE_URL ""
| #define STDC_HEADERS 1
| #define HAVE_SYS_TYPES_H 1
| #define HAVE_SYS_STAT_H 1
| #define HAVE_STDLIB_H 1
| #define HAVE_STRING_H 1
| #define HAVE_MEMORY_H 1
| #define HAVE_STRINGS_H 1
| #define HAVE_INTTYPES_H 1
| #define HAVE_STDINT_H 1
| #define HAVE_UNISTD_H 1
| #define __EXTENSIONS__ 1
| #define _ALL_SOURCE 1
| #define _GNU_SOURCE 1
| #define _POSIX_PTHREAD_SEMANTICS 1
| #define _TANDEM_SOURCE 1
| #define STDC_HEADERS 1
| #define HAVE_STRING_H 1
| #define HAVE_LIMITS_H 1
| #define HAVE_UNISTD_H 1
| #define HAVE_SYS_SOCKET_H 1
| #define HAVE_PWD_H 1
| #define HAVE_GRP_H 1
| #define HAVE_STRINGS_H 1
| #define HAVE_SYS_PRCTL_H 1
| /* end confdefs.h.  */
| #include <sys/processor.h>
configure:7393: result: no
configure:7393: checking for sys/processor.h
configure:7393: result: no
configure:7393: checking sys/sem.h usability
configure:7393: /home/jiamin/gcc/bin/gcc -std=gnu99 -c  -g -O2 -pthread  -DLINUX -D_REENTRANT -D_GNU_SOURCE conftest.c >&5
configure:7393: $? = 0
configure:7393: result: yes
configure:7393: checking sys/sem.h presence
configure:7393: /home/jiamin/gcc/bin/gcc -E  -DLINUX -D_REENTRANT -D_GNU_SOURCE conftest.c
configure:7393: $? = 0
configure:7393: result: yes
configure:7393: checking for sys/sem.h
configure:7393: result: yes
configure:7393: checking sys/sdt.h usability
configure:7393: /home/jiamin/gcc/bin/gcc -std=gnu99 -c  -g -O2 -pthread  -DLINUX -D_REENTRANT -D_GNU_SOURCE conftest.c >&5
conftest.c:67:21: fatal error: sys/sdt.h: No such file or directory
 #include <sys/sdt.h>
                     ^
compilation terminated.
configure:7393: $? = 1
configure: failed program was:
| /* confdefs.h */
| #define PACKAGE_NAME ""
| #define PACKAGE_TARNAME ""
| #define PACKAGE_VERSION ""
| #define PACKAGE_STRING ""
| #define PACKAGE_BUGREPORT ""
| #define PACKAGE_URL ""
| #define STDC_HEADERS 1
| #define HAVE_SYS_TYPES_H 1
| #define HAVE_SYS_STAT_H 1
| #define HAVE_STDLIB_H 1
| #define HAVE_STRING_H 1
| #define HAVE_MEMORY_H 1
| #define HAVE_STRINGS_H 1
| #define HAVE_INTTYPES_H 1
| #define HAVE_STDINT_H 1
| #define HAVE_UNISTD_H 1
| #define __EXTENSIONS__ 1
| #define _ALL_SOURCE 1
| #define _GNU_SOURCE 1
| #define _POSIX_PTHREAD_SEMANTICS 1
| #define _TANDEM_SOURCE 1
| #define STDC_HEADERS 1
| #define HAVE_STRING_H 1
| #define HAVE_LIMITS_H 1
| #define HAVE_UNISTD_H 1
| #define HAVE_SYS_SOCKET_H 1
| #define HAVE_PWD_H 1
| #define HAVE_GRP_H 1
| #define HAVE_STRINGS_H 1
| #define HAVE_SYS_PRCTL_H 1
| #define HAVE_SYS_SEM_H 1
| /* end confdefs.h.  */
| #include <stdio.h>
| #ifdef HAVE_SYS_TYPES_H
| # include <sys/types.h>
| #endif
| #ifdef HAVE_SYS_STAT_H
| # include <sys/stat.h>
| #endif
| #ifdef STDC_HEADERS
| # include <stdlib.h>
| # include <stddef.h>
| #else
| # ifdef HAVE_STDLIB_H
| #  include <stdlib.h>
| # endif
| #endif
| #ifdef HAVE_STRING_H
| # if !defined STDC_HEADERS && defined HAVE_MEMORY_H
| #  include <memory.h>
| # endif
| # include <string.h>
| #endif
| #ifdef HAVE_STRINGS_H
| # include <strings.h>
| #endif
| #ifdef HAVE_INTTYPES_H
| # include <inttypes.h>
| #endif
| #ifdef HAVE_STDINT_H
| # include <stdint.h>
| #endif
| #ifdef HAVE_UNISTD_H
| # include <unistd.h>
| #endif
| #include <sys/sdt.h>
configure:7393: result: no
configure:7393: checking sys/sdt.h presence
configure:7393: /home/jiamin/gcc/bin/gcc -E  -DLINUX -D_REENTRANT -D_GNU_SOURCE conftest.c
conftest.c:34:21: fatal error: sys/sdt.h: No such file or directory
 #include <sys/sdt.h>
                     ^
compilation terminated.
configure:7393: $? = 1
configure: failed program was:
| /* confdefs.h */
| #define PACKAGE_NAME ""
| #define PACKAGE_TARNAME ""
| #define PACKAGE_VERSION ""
| #define PACKAGE_STRING ""
| #define PACKAGE_BUGREPORT ""
| #define PACKAGE_URL ""
| #define STDC_HEADERS 1
| #define HAVE_SYS_TYPES_H 1
| #define HAVE_SYS_STAT_H 1
| #define HAVE_STDLIB_H 1
| #define HAVE_STRING_H 1
| #define HAVE_MEMORY_H 1
| #define HAVE_STRINGS_H 1
| #define HAVE_INTTYPES_H 1
| #define HAVE_STDINT_H 1
| #define HAVE_UNISTD_H 1
| #define __EXTENSIONS__ 1
| #define _ALL_SOURCE 1
| #define _GNU_SOURCE 1
| #define _POSIX_PTHREAD_SEMANTICS 1
| #define _TANDEM_SOURCE 1
| #define STDC_HEADERS 1
| #define HAVE_STRING_H 1
| #define HAVE_LIMITS_H 1
| #define HAVE_UNISTD_H 1
| #define HAVE_SYS_SOCKET_H 1
| #define HAVE_PWD_H 1
| #define HAVE_GRP_H 1
| #define HAVE_STRINGS_H 1
| #define HAVE_SYS_PRCTL_H 1
| #define HAVE_SYS_SEM_H 1
| /* end confdefs.h.  */
| #include <sys/sdt.h>
configure:7393: result: no
configure:7393: checking for sys/sdt.h
configure:7393: result: no
configure:7393: checking sys/loadavg.h usability
configure:7393: /home/jiamin/gcc/bin/gcc -std=gnu99 -c  -g -O2 -pthread  -DLINUX -D_REENTRANT -D_GNU_SOURCE conftest.c >&5
conftest.c:67:25: fatal error: sys/loadavg.h: No such file or directory
 #include <sys/loadavg.h>
                         ^
compilation terminated.
configure:7393: $? = 1
configure: failed program was:
| /* confdefs.h */
| #define PACKAGE_NAME ""
| #define PACKAGE_TARNAME ""
| #define PACKAGE_VERSION ""
| #define PACKAGE_STRING ""
| #define PACKAGE_BUGREPORT ""
| #define PACKAGE_URL ""
| #define STDC_HEADERS 1
| #define HAVE_SYS_TYPES_H 1
| #define HAVE_SYS_STAT_H 1
| #define HAVE_STDLIB_H 1
| #define HAVE_STRING_H 1
| #define HAVE_MEMORY_H 1
| #define HAVE_STRINGS_H 1
| #define HAVE_INTTYPES_H 1
| #define HAVE_STDINT_H 1
| #define HAVE_UNISTD_H 1
| #define __EXTENSIONS__ 1
| #define _ALL_SOURCE 1
| #define _GNU_SOURCE 1
| #define _POSIX_PTHREAD_SEMANTICS 1
| #define _TANDEM_SOURCE 1
| #define STDC_HEADERS 1
| #define HAVE_STRING_H 1
| #define HAVE_LIMITS_H 1
| #define HAVE_UNISTD_H 1
| #define HAVE_SYS_SOCKET_H 1
| #define HAVE_PWD_H 1
| #define HAVE_GRP_H 1
| #define HAVE_STRINGS_H 1
| #define HAVE_SYS_PRCTL_H 1
| #define HAVE_SYS_SEM_H 1
| /* end confdefs.h.  */
| #include <stdio.h>
| #ifdef HAVE_SYS_TYPES_H
| # include <sys/types.h>
| #endif
| #ifdef HAVE_SYS_STAT_H
| # include <sys/stat.h>
| #endif
| #ifdef STDC_HEADERS
| # include <stdlib.h>
| # include <stddef.h>
| #else
| # ifdef HAVE_STDLIB_H
| #  include <stdlib.h>
| # endif
| #endif
| #ifdef HAVE_STRING_H
| # if !defined STDC_HEADERS && defined HAVE_MEMORY_H
| #  include <memory.h>
| # endif
| # include <string.h>
| #endif
| #ifdef HAVE_STRINGS_H
| # include <strings.h>
| #endif
| #ifdef HAVE_INTTYPES_H
| # include <inttypes.h>
| #endif
| #ifdef HAVE_STDINT_H
| # include <stdint.h>
| #endif
| #ifdef HAVE_UNISTD_H
| # include <unistd.h>
| #endif
| #include <sys/loadavg.h>
configure:7393: result: no
configure:7393: checking sys/loadavg.h presence
configure:7393: /home/jiamin/gcc/bin/gcc -E  -DLINUX -D_REENTRANT -D_GNU_SOURCE conftest.c
conftest.c:34:25: fatal error: sys/loadavg.h: No such file or directory
 #include <sys/loadavg.h>
                         ^
compilation terminated.
configure:7393: $? = 1
configure: failed program was:
| /* confdefs.h */
| #define PACKAGE_NAME ""
| #define PACKAGE_TARNAME ""
| #define PACKAGE_VERSION ""
| #define PACKAGE_STRING ""
| #define PACKAGE_BUGREPORT ""
| #define PACKAGE_URL ""
| #define STDC_HEADERS 1
| #define HAVE_SYS_TYPES_H 1
| #define HAVE_SYS_STAT_H 1
| #define HAVE_STDLIB_H 1
| #define HAVE_STRING_H 1
| #define HAVE_MEMORY_H 1
| #define HAVE_STRINGS_H 1
| #define HAVE_INTTYPES_H 1
| #define HAVE_STDINT_H 1
| #define HAVE_UNISTD_H 1
| #define __EXTENSIONS__ 1
| #define _ALL_SOURCE 1
| #define _GNU_SOURCE 1
| #define _POSIX_PTHREAD_SEMANTICS 1
| #define _TANDEM_SOURCE 1
| #define STDC_HEADERS 1
| #define HAVE_STRING_H 1
| #define HAVE_LIMITS_H 1
| #define HAVE_UNISTD_H 1
| #define HAVE_SYS_SOCKET_H 1
| #define HAVE_PWD_H 1
| #define HAVE_GRP_H 1
| #define HAVE_STRINGS_H 1
| #define HAVE_SYS_PRCTL_H 1
| #define HAVE_SYS_SEM_H 1
| /* end confdefs.h.  */
| #include <sys/loadavg.h>
configure:7393: result: no
configure:7393: checking for sys/loadavg.h
configure:7393: result: no
configure:7403: checking for sys/wait.h that is POSIX.1 compatible
configure:7429: /home/jiamin/gcc/bin/gcc -std=gnu99 -c  -g -O2 -pthread  -DLINUX -D_REENTRANT -D_GNU_SOURCE conftest.c >&5
configure:7429: $? = 0
configure:7436: result: yes
configure:7446: checking for an ANSI C-conforming const
configure:7512: /home/jiamin/gcc/bin/gcc -std=gnu99 -c  -g -O2 -pthread  -DLINUX -D_REENTRANT -D_GNU_SOURCE conftest.c >&5
configure:7512: $? = 0
configure:7519: result: yes
configure:7530: checking for library containing sqrt
configure:7561: /home/jiamin/gcc/bin/gcc -std=gnu99 -o conftest  -g -O2 -pthread  -DLINUX -D_REENTRANT -D_GNU_SOURCE   conftest.c  >&5
conftest.c:42:6: warning: conflicting types for built-in function 'sqrt'
 char sqrt ();
      ^
/tmp/cc5Bb15v.o: In function `main':
/home/jiamin/OSDI/httpd/conftest.c:46: undefined reference to `sqrt'
collect2: error: ld returned 1 exit status
configure:7561: $? = 1
configure: failed program was:
| /* confdefs.h */
| #define PACKAGE_NAME ""
| #define PACKAGE_TARNAME ""
| #define PACKAGE_VERSION ""
| #define PACKAGE_STRING ""
| #define PACKAGE_BUGREPORT ""
| #define PACKAGE_URL ""
| #define STDC_HEADERS 1
| #define HAVE_SYS_TYPES_H 1
| #define HAVE_SYS_STAT_H 1
| #define HAVE_STDLIB_H 1
| #define HAVE_STRING_H 1
| #define HAVE_MEMORY_H 1
| #define HAVE_STRINGS_H 1
| #define HAVE_INTTYPES_H 1
| #define HAVE_STDINT_H 1
| #define HAVE_UNISTD_H 1
| #define __EXTENSIONS__ 1
| #define _ALL_SOURCE 1
| #define _GNU_SOURCE 1
| #define _POSIX_PTHREAD_SEMANTICS 1
| #define _TANDEM_SOURCE 1
| #define STDC_HEADERS 1
| #define HAVE_STRING_H 1
| #define HAVE_LIMITS_H 1
| #define HAVE_UNISTD_H 1
| #define HAVE_SYS_SOCKET_H 1
| #define HAVE_PWD_H 1
| #define HAVE_GRP_H 1
| #define HAVE_STRINGS_H 1
| #define HAVE_SYS_PRCTL_H 1
| #define HAVE_SYS_SEM_H 1
| #define HAVE_SYS_WAIT_H 1
| /* end confdefs.h.  */
| 
| /* Override any GCC internal prototype to avoid an error.
|    Use char because int might match the return type of a GCC
|    builtin and then its argument prototype would still apply.  */
| #ifdef __cplusplus
| extern "C"
| #endif
| char sqrt ();
| int
| main ()
| {
| return sqrt ();
|   ;
|   return 0;
| }
configure:7561: /home/jiamin/gcc/bin/gcc -std=gnu99 -o conftest  -g -O2 -pthread  -DLINUX -D_REENTRANT -D_GNU_SOURCE   conftest.c -lm   >&5
conftest.c:42:6: warning: conflicting types for built-in function 'sqrt'
 char sqrt ();
      ^
configure:7561: $? = 0
configure:7578: result: -lm
configure:7595: checking for library containing crypt
configure:7626: /home/jiamin/gcc/bin/gcc -std=gnu99 -o conftest  -g -O2 -pthread  -DLINUX -D_REENTRANT -D_GNU_SOURCE   conftest.c  >&5
/tmp/ccq9n2nH.o: In function `main':
/home/jiamin/OSDI/httpd/conftest.c:46: undefined reference to `crypt'
collect2: error: ld returned 1 exit status
configure:7626: $? = 1
configure: failed program was:
| /* confdefs.h */
| #define PACKAGE_NAME ""
| #define PACKAGE_TARNAME ""
| #define PACKAGE_VERSION ""
| #define PACKAGE_STRING ""
| #define PACKAGE_BUGREPORT ""
| #define PACKAGE_URL ""
| #define STDC_HEADERS 1
| #define HAVE_SYS_TYPES_H 1
| #define HAVE_SYS_STAT_H 1
| #define HAVE_STDLIB_H 1
| #define HAVE_STRING_H 1
| #define HAVE_MEMORY_H 1
| #define HAVE_STRINGS_H 1
| #define HAVE_INTTYPES_H 1
| #define HAVE_STDINT_H 1
| #define HAVE_UNISTD_H 1
| #define __EXTENSIONS__ 1
| #define _ALL_SOURCE 1
| #define _GNU_SOURCE 1
| #define _POSIX_PTHREAD_SEMANTICS 1
| #define _TANDEM_SOURCE 1
| #define STDC_HEADERS 1
| #define HAVE_STRING_H 1
| #define HAVE_LIMITS_H 1
| #define HAVE_UNISTD_H 1
| #define HAVE_SYS_SOCKET_H 1
| #define HAVE_PWD_H 1
| #define HAVE_GRP_H 1
| #define HAVE_STRINGS_H 1
| #define HAVE_SYS_PRCTL_H 1
| #define HAVE_SYS_SEM_H 1
| #define HAVE_SYS_WAIT_H 1
| /* end confdefs.h.  */
| 
| /* Override any GCC internal prototype to avoid an error.
|    Use char because int might match the return type of a GCC
|    builtin and then its argument prototype would still apply.  */
| #ifdef __cplusplus
| extern "C"
| #endif
| char crypt ();
| int
| main ()
| {
| return crypt ();
|   ;
|   return 0;
| }
configure:7626: /home/jiamin/gcc/bin/gcc -std=gnu99 -o conftest  -g -O2 -pthread  -DLINUX -D_REENTRANT -D_GNU_SOURCE   conftest.c -lcrypt   >&5
configure:7626: $? = 0
configure:7643: result: -lcrypt
configure:7672: checking for getpwnam
configure:7672: /home/jiamin/gcc/bin/gcc -std=gnu99 -o conftest  -g -O2 -pthread  -DLINUX -D_REENTRANT -D_GNU_SOURCE   conftest.c  >&5
configure:7672: $? = 0
configure:7672: result: yes
configure:7672: checking for getgrnam
configure:7672: /home/jiamin/gcc/bin/gcc -std=gnu99 -o conftest  -g -O2 -pthread  -DLINUX -D_REENTRANT -D_GNU_SOURCE   conftest.c  >&5
configure:7672: $? = 0
configure:7672: result: yes
configure:7672: checking for initgroups
configure:7672: /home/jiamin/gcc/bin/gcc -std=gnu99 -o conftest  -g -O2 -pthread  -DLINUX -D_REENTRANT -D_GNU_SOURCE   conftest.c  >&5
configure:7672: $? = 0
configure:7672: result: yes
configure:7672: checking for bindprocessor
configure:7672: /home/jiamin/gcc/bin/gcc -std=gnu99 -o conftest  -g -O2 -pthread  -DLINUX -D_REENTRANT -D_GNU_SOURCE   conftest.c  >&5
/tmp/ccA8JY57.o: In function `main':
/home/jiamin/OSDI/httpd/conftest.c:72: undefined reference to `bindprocessor'
collect2: error: ld returned 1 exit status
configure:7672: $? = 1
configure: failed program was:
| /* confdefs.h */
| #define PACKAGE_NAME ""
| #define PACKAGE_TARNAME ""
| #define PACKAGE_VERSION ""
| #define PACKAGE_STRING ""
| #define PACKAGE_BUGREPORT ""
| #define PACKAGE_URL ""
| #define STDC_HEADERS 1
| #define HAVE_SYS_TYPES_H 1
| #define HAVE_SYS_STAT_H 1
| #define HAVE_STDLIB_H 1
| #define HAVE_STRING_H 1
| #define HAVE_MEMORY_H 1
| #define HAVE_STRINGS_H 1
| #define HAVE_INTTYPES_H 1
| #define HAVE_STDINT_H 1
| #define HAVE_UNISTD_H 1
| #define __EXTENSIONS__ 1
| #define _ALL_SOURCE 1
| #define _GNU_SOURCE 1
| #define _POSIX_PTHREAD_SEMANTICS 1
| #define _TANDEM_SOURCE 1
| #define STDC_HEADERS 1
| #define HAVE_STRING_H 1
| #define HAVE_LIMITS_H 1
| #define HAVE_UNISTD_H 1
| #define HAVE_SYS_SOCKET_H 1
| #define HAVE_PWD_H 1
| #define HAVE_GRP_H 1
| #define HAVE_STRINGS_H 1
| #define HAVE_SYS_PRCTL_H 1
| #define HAVE_SYS_SEM_H 1
| #define HAVE_SYS_WAIT_H 1
| #define HAVE_GETPWNAM 1
| #define HAVE_GETGRNAM 1
| #define HAVE_INITGROUPS 1
| /* end confdefs.h.  */
| /* Define bindprocessor to an innocuous variant, in case <limits.h> declares bindprocessor.
|    For example, HP-UX 11i <limits.h> declares gettimeofday.  */
| #define bindprocessor innocuous_bindprocessor
| 
| /* System header to define __stub macros and hopefully few prototypes,
|     which can conflict with char bindprocessor (); below.
|     Prefer <limits.h> to <assert.h> if __STDC__ is defined, since
|     <limits.h> exists even on freestanding compilers.  */
| 
| #ifdef __STDC__
| # include <limits.h>
| #else
| # include <assert.h>
| #endif
| 
| #undef bindprocessor
| 
| /* Override any GCC internal prototype to avoid an error.
|    Use char because int might match the return type of a GCC
|    builtin and then its argument prototype would still apply.  */
| #ifdef __cplusplus
| extern "C"
| #endif
| char bindprocessor ();
| /* The GNU C library defines this for functions which it implements
|     to always fail with ENOSYS.  Some functions are actually named
|     something starting with __ and the normal name is an alias.  */
| #if defined __stub_bindprocessor || defined __stub___bindprocessor
| choke me
| #endif
| 
| int
| main ()
| {
| return bindprocessor ();
|   ;
|   return 0;
| }
configure:7672: result: no
configure:7672: checking for prctl
configure:7672: /home/jiamin/gcc/bin/gcc -std=gnu99 -o conftest  -g -O2 -pthread  -DLINUX -D_REENTRANT -D_GNU_SOURCE   conftest.c  >&5
configure:7672: $? = 0
configure:7672: result: yes
configure:7672: checking for timegm
configure:7672: /home/jiamin/gcc/bin/gcc -std=gnu99 -o conftest  -g -O2 -pthread  -DLINUX -D_REENTRANT -D_GNU_SOURCE   conftest.c  >&5
configure:7672: $? = 0
configure:7672: result: yes
configure:7672: checking for getpgid
configure:7672: /home/jiamin/gcc/bin/gcc -std=gnu99 -o conftest  -g -O2 -pthread  -DLINUX -D_REENTRANT -D_GNU_SOURCE   conftest.c  >&5
configure:7672: $? = 0
configure:7672: result: yes
configure:7672: checking for fopen64
configure:7672: /home/jiamin/gcc/bin/gcc -std=gnu99 -o conftest  -g -O2 -pthread  -DLINUX -D_REENTRANT -D_GNU_SOURCE   conftest.c  >&5
configure:7672: $? = 0
configure:7672: result: yes
configure:7672: checking for getloadavg
configure:7672: /home/jiamin/gcc/bin/gcc -std=gnu99 -o conftest  -g -O2 -pthread  -DLINUX -D_REENTRANT -D_GNU_SOURCE   conftest.c  >&5
configure:7672: $? = 0
configure:7672: result: yes
configure:7684: checking for void pointer length
configure:7700: /home/jiamin/gcc/bin/gcc -std=gnu99 -o conftest  -g -O2 -pthread  -DLINUX -D_REENTRANT -D_GNU_SOURCE   conftest.c  >&5
configure:7700: $? = 0
configure:7700: ./conftest
configure:7700: $? = 0
configure:7710: result: no
configure:7718: checking for gettid()
configure:7735: /home/jiamin/gcc/bin/gcc -std=gnu99 -o conftest  -g -O2 -pthread  -DLINUX -D_REENTRANT -D_GNU_SOURCE   conftest.c  >&5
conftest.c:43:0: warning: "_GNU_SOURCE" redefined
 #define _GNU_SOURCE
 ^
conftest.c:20:0: note: this is the location of the previous definition
 #define _GNU_SOURCE 1
 ^
configure:7735: $? = 0
configure:7735: ./conftest
configure:7735: $? = 0
configure:7745: result: yes
configure:7753: checking for tm_gmtoff in struct tm
configure:7770: /home/jiamin/gcc/bin/gcc -std=gnu99 -c  -g -O2 -pthread  -DLINUX -D_REENTRANT -D_GNU_SOURCE conftest.c >&5
configure:7770: $? = 0
configure:7777: result: yes
configure:8776: checking whether to enable mod_authn_file
configure:8829: result: shared
configure:8910: checking whether to enable mod_authn_dbm
configure:8963: result: shared (most)
configure:9044: checking whether to enable mod_authn_anon
configure:9097: result: shared (most)
configure:9178: checking whether to enable mod_authn_dbd
configure:9231: result: shared (most)
configure:9312: checking whether to enable mod_authn_socache
configure:9365: result: shared (most)
configure:9447: checking whether to enable mod_authn_core
configure:9500: result: shared
configure:9582: checking whether to enable mod_authz_host
configure:9635: result: shared
configure:9716: checking whether to enable mod_authz_groupfile
configure:9769: result: shared
configure:9850: checking whether to enable mod_authz_user
configure:9903: result: shared
configure:9984: checking whether to enable mod_authz_dbm
configure:10037: result: shared (most)
configure:10118: checking whether to enable mod_authz_owner
configure:10171: result: shared (most)
configure:10252: checking whether to enable mod_authz_dbd
configure:10305: result: shared (most)
configure:10387: checking whether to enable mod_authz_core
configure:10440: result: shared
configure:10522: checking whether to enable mod_authnz_ldap
configure:10573: result: checking dependencies
configure:10578: checking for ldap support in apr/apr-util
configure:10606: result: no
configure:10638: WARNING: apr/apr-util is compiled without ldap support
configure:10644: checking whether to enable mod_authnz_ldap
configure:10654: result: no (disabled)
configure:10736: checking whether to enable mod_authnz_fcgi
configure:10789: result: no
configure:10871: checking whether to enable mod_access_compat
configure:10924: result: shared
configure:11007: checking whether to enable mod_auth_basic
configure:11060: result: shared
configure:11141: checking whether to enable mod_auth_form
configure:11194: result: shared (most)
configure:11275: checking whether to enable mod_auth_digest
configure:11326: result: checking dependencies
configure:11359: checking whether to enable mod_auth_digest
configure:11369: result: shared (most)
configure:11451: checking whether to enable mod_allowmethods
configure:11504: result: shared (most)
configure:11641: checking whether to enable mod_isapi
configure:11694: result: no
configure:11809: checking whether to enable mod_file_cache
configure:11862: result: shared (most)
configure:11957: checking whether to enable mod_cache
configure:12010: result: shared (most)
configure:12091: checking whether to enable mod_cache_disk
configure:12142: result: checking dependencies
configure:12155: checking whether to enable mod_cache_disk
configure:12165: result: shared (most)
configure:12246: checking whether to enable mod_cache_socache
configure:12299: result: shared (most)
configure:12383: checking whether to enable mod_socache_shmcb
configure:12436: result: shared (most)
configure:12517: checking whether to enable mod_socache_dbm
configure:12570: result: shared (most)
configure:12651: checking whether to enable mod_socache_memcache
configure:12704: result: shared (most)
configure:12785: checking whether to enable mod_socache_dc
configure:13151: result: no
configure:13370: checking whether to enable mod_so
configure:13423: result: static
configure:13505: checking whether to enable mod_watchdog
configure:13599: result: no
configure:13681: checking whether to enable mod_macro
configure:13734: result: shared (most)
configure:13870: checking whether to enable mod_dbd
configure:13923: result: shared (most)
configure:14059: checking whether to enable mod_bucketeer
configure:14112: result: no
configure:14193: checking whether to enable mod_dumpio
configure:14246: result: shared (most)
configure:14361: checking whether to enable mod_echo
configure:14414: result: no
configure:14528: checking whether to enable mod_example_hooks
configure:14581: result: no
configure:14662: checking whether to enable mod_case_filter
configure:14715: result: no
configure:14796: checking whether to enable mod_case_filter_in
configure:14849: result: no
configure:14930: checking whether to enable mod_example_ipc
configure:14983: result: no
configure:15130: checking whether to enable mod_buffer
configure:15183: result: shared (most)
configure:15264: checking whether to enable mod_data
configure:15317: result: no
configure:15398: checking whether to enable mod_ratelimit
configure:15451: result: shared (most)
configure:15532: checking whether to enable mod_reqtimeout
configure:15585: result: shared
configure:15666: checking whether to enable mod_ext_filter
configure:15719: result: shared (most)
configure:15800: checking whether to enable mod_request
configure:15853: result: shared (most)
configure:15934: checking whether to enable mod_include
configure:15987: result: shared (most)
configure:16068: checking whether to enable mod_filter
configure:16121: result: shared
configure:16202: checking whether to enable mod_reflector
configure:16255: result: no
configure:16336: checking whether to enable mod_substitute
configure:16389: result: shared (most)
configure:16472: checking whether to enable mod_sed
configure:16523: result: checking dependencies
configure:16554: checking whether to enable mod_sed
configure:16564: result: shared (most)
configure:16784: checking whether to enable mod_charset_lite
configure:16837: result: no
configure:16921: checking whether to enable mod_deflate
configure:16972: result: checking dependencies
configure:16988: checking for zlib location
configure:17006: result: not found
configure:17247: checking whether to enable mod_deflate
configure:17257: result: no (disabled)
configure:17341: checking whether to enable mod_xml2enc
configure:17490: result: no
configure:17571: checking whether to enable mod_proxy_html
configure:17721: result: no
configure:17865: checking whether to enable mod_http
configure:17918: result: static
configure:17999: checking whether to enable mod_mime
configure:18052: result: shared
configure:18168: checking whether to enable mod_ldap
configure:18219: result: checking dependencies
configure:18224: checking for ldap support in apr/apr-util
configure:18252: result: no
configure:18284: WARNING: apr/apr-util is compiled without ldap support
configure:18290: checking whether to enable mod_ldap
configure:18300: result: no (disabled)
configure:18437: checking whether to enable mod_log_config
configure:18490: result: shared
configure:18571: checking whether to enable mod_log_debug
configure:18624: result: shared (most)
configure:18705: checking whether to enable mod_log_forensic
configure:18758: result: no
configure:18865: checking whether to enable mod_logio
configure:18918: result: shared (most)
configure:19058: checking whether to enable mod_lua
configure:19891: result: no
configure:20028: checking whether to enable mod_env
configure:20081: result: shared
configure:20162: checking whether to enable mod_mime_magic
configure:20215: result: no
configure:20296: checking whether to enable mod_cern_meta
configure:20349: result: no
configure:20430: checking whether to enable mod_expires
configure:20483: result: shared (most)
configure:20564: checking whether to enable mod_headers
configure:20617: result: shared
configure:20698: checking whether to enable mod_ident
configure:20751: result: no
configure:20833: checking whether to enable mod_usertrack
configure:20923: result: no
configure:21005: checking whether to enable mod_unique_id
configure:21058: result: shared (most)
configure:21139: checking whether to enable mod_setenvif
configure:21192: result: shared
configure:21273: checking whether to enable mod_version
configure:21326: result: shared
configure:21407: checking whether to enable mod_remoteip
configure:21460: result: shared (most)
configure:21583: checking whether to enable mod_proxy
configure:21636: result: shared (most)
configure:21744: checking whether to enable mod_proxy_connect
configure:21795: result: checking dependencies
configure:21808: checking whether to enable mod_proxy_connect
configure:21818: result: shared (most)
configure:21899: checking whether to enable mod_proxy_ftp
configure:21950: result: checking dependencies
configure:21963: checking whether to enable mod_proxy_ftp
configure:21973: result: shared (most)
configure:22054: checking whether to enable mod_proxy_http
configure:22105: result: checking dependencies
configure:22118: checking whether to enable mod_proxy_http
configure:22128: result: shared (most)
configure:22209: checking whether to enable mod_proxy_fcgi
configure:22260: result: checking dependencies
configure:22273: checking whether to enable mod_proxy_fcgi
configure:22283: result: shared (most)
configure:22364: checking whether to enable mod_proxy_scgi
configure:22415: result: checking dependencies
configure:22428: checking whether to enable mod_proxy_scgi
configure:22438: result: shared (most)
configure:22519: checking whether to enable mod_proxy_fdpass
configure:22608: result: no
configure:22689: checking whether to enable mod_proxy_wstunnel
configure:22740: result: checking dependencies
configure:22753: checking whether to enable mod_proxy_wstunnel
configure:22763: result: shared (most)
configure:22844: checking whether to enable mod_proxy_ajp
configure:22895: result: checking dependencies
configure:22908: checking whether to enable mod_proxy_ajp
configure:22918: result: shared (most)
configure:22999: checking whether to enable mod_proxy_balancer
configure:23050: result: checking dependencies
configure:23063: checking whether to enable mod_proxy_balancer
configure:23073: result: shared (most)
configure:23155: checking whether to enable mod_proxy_express
configure:23206: result: checking dependencies
configure:23219: checking whether to enable mod_proxy_express
configure:23229: result: shared (most)
configure:23388: checking whether to enable mod_session
configure:23441: result: shared (most)
configure:23522: checking whether to enable mod_session_cookie
configure:23573: result: checking dependencies
configure:23586: checking whether to enable mod_session_cookie
configure:23596: result: shared (most)
configure:23700: /home/jiamin/gcc/bin/gcc -std=gnu99 -c  -g -O2 -pthread  -DLINUX -D_REENTRANT -D_GNU_SOURCE  -I/home/jiamin/OSDI/httpd/srclib/apr/include   -I/home/jiamin/OSDI/httpd/srclib/apr-util/include -I/home/jiamin/OSDI/httpd/srclib/apr-util/xml/expat/lib conftest.c >&5
conftest.c: In function 'main':
conftest.c:51:2: error: #error no crypto support
 #error no crypto support
  ^
configure:23700: $? = 1
configure: failed program was:
| /* confdefs.h */
| #define PACKAGE_NAME ""
| #define PACKAGE_TARNAME ""
| #define PACKAGE_VERSION ""
| #define PACKAGE_STRING ""
| #define PACKAGE_BUGREPORT ""
| #define PACKAGE_URL ""
| #define STDC_HEADERS 1
| #define HAVE_SYS_TYPES_H 1
| #define HAVE_SYS_STAT_H 1
| #define HAVE_STDLIB_H 1
| #define HAVE_STRING_H 1
| #define HAVE_MEMORY_H 1
| #define HAVE_STRINGS_H 1
| #define HAVE_INTTYPES_H 1
| #define HAVE_STDINT_H 1
| #define HAVE_UNISTD_H 1
| #define __EXTENSIONS__ 1
| #define _ALL_SOURCE 1
| #define _GNU_SOURCE 1
| #define _POSIX_PTHREAD_SEMANTICS 1
| #define _TANDEM_SOURCE 1
| #define STDC_HEADERS 1
| #define HAVE_STRING_H 1
| #define HAVE_LIMITS_H 1
| #define HAVE_UNISTD_H 1
| #define HAVE_SYS_SOCKET_H 1
| #define HAVE_PWD_H 1
| #define HAVE_GRP_H 1
| #define HAVE_STRINGS_H 1
| #define HAVE_SYS_PRCTL_H 1
| #define HAVE_SYS_SEM_H 1
| #define HAVE_SYS_WAIT_H 1
| #define HAVE_GETPWNAM 1
| #define HAVE_GETGRNAM 1
| #define HAVE_INITGROUPS 1
| #define HAVE_PRCTL 1
| #define HAVE_TIMEGM 1
| #define HAVE_GETPGID 1
| #define HAVE_FOPEN64 1
| #define HAVE_GETLOADAVG 1
| #define HAVE_GETTID 1
| #define HAVE_GMTOFF 1
| /* end confdefs.h.  */
| #include <apr_crypto.h>
| int
| main ()
| {
| 
| #if APU_HAVE_CRYPTO == 0
| #error no crypto support
| #endif
| 
|   ;
|   return 0;
| }
configure:23708: WARNING: Your APR does not include SSL/EVP support. To enable it: configure --with-crypto
configure:23717: checking whether to enable mod_session_crypto
configure:23795: result: no
configure:23877: checking whether to enable mod_session_dbd
configure:23928: result: checking dependencies
configure:23941: checking whether to enable mod_session_dbd
configure:23951: result: shared (most)
configure:24089: checking whether to enable mod_slotmem_shm
configure:24142: result: shared (most)
configure:24223: checking whether to enable mod_slotmem_plain
configure:24276: result: no
configure:24391: checking whether to enable mod_ssl
configure:24442: result: checking dependencies
configure:24447: checking for OpenSSL
configure:24460: checking for user-provided OpenSSL base directory
configure:24473: result: none
configure:24809: checking for OpenSSL version >= 0.9.8a
configure:24828: /home/jiamin/gcc/bin/gcc -std=gnu99 -c  -g -O2 -pthread  -DLINUX -D_REENTRANT -D_GNU_SOURCE conftest.c >&5
conftest.c:45:30: fatal error: openssl/opensslv.h: No such file or directory
 #include <openssl/opensslv.h>
                              ^
compilation terminated.
configure:24828: $? = 1
configure: failed program was:
| /* confdefs.h */
| #define PACKAGE_NAME ""
| #define PACKAGE_TARNAME ""
| #define PACKAGE_VERSION ""
| #define PACKAGE_STRING ""
| #define PACKAGE_BUGREPORT ""
| #define PACKAGE_URL ""
| #define STDC_HEADERS 1
| #define HAVE_SYS_TYPES_H 1
| #define HAVE_SYS_STAT_H 1
| #define HAVE_STDLIB_H 1
| #define HAVE_STRING_H 1
| #define HAVE_MEMORY_H 1
| #define HAVE_STRINGS_H 1
| #define HAVE_INTTYPES_H 1
| #define HAVE_STDINT_H 1
| #define HAVE_UNISTD_H 1
| #define __EXTENSIONS__ 1
| #define _ALL_SOURCE 1
| #define _GNU_SOURCE 1
| #define _POSIX_PTHREAD_SEMANTICS 1
| #define _TANDEM_SOURCE 1
| #define STDC_HEADERS 1
| #define HAVE_STRING_H 1
| #define HAVE_LIMITS_H 1
| #define HAVE_UNISTD_H 1
| #define HAVE_SYS_SOCKET_H 1
| #define HAVE_PWD_H 1
| #define HAVE_GRP_H 1
| #define HAVE_STRINGS_H 1
| #define HAVE_SYS_PRCTL_H 1
| #define HAVE_SYS_SEM_H 1
| #define HAVE_SYS_WAIT_H 1
| #define HAVE_GETPWNAM 1
| #define HAVE_GETGRNAM 1
| #define HAVE_INITGROUPS 1
| #define HAVE_PRCTL 1
| #define HAVE_TIMEGM 1
| #define HAVE_GETPGID 1
| #define HAVE_FOPEN64 1
| #define HAVE_GETLOADAVG 1
| #define HAVE_GETTID 1
| #define HAVE_GMTOFF 1
| /* end confdefs.h.  */
| #include <openssl/opensslv.h>
| int
| main ()
| {
| 
| #if !defined(OPENSSL_VERSION_NUMBER)
| #error "Missing OpenSSL version"
| #endif
| #if OPENSSL_VERSION_NUMBER < 0x0090801f
| #error "Unsupported OpenSSL version " OPENSSL_VERSION_TEXT
| #endif
|   ;
|   return 0;
| }
configure:24833: result: FAILED
configure:24939: WARNING: OpenSSL version is too old
configure:24951: result: no
configure:25032: checking whether to enable mod_ssl
configure:25042: result: no (disabled)
configure:25180: checking whether to enable mod_optional_hook_export
configure:25233: result: no
configure:25314: checking whether to enable mod_optional_hook_import
configure:25367: result: no
configure:25448: checking whether to enable mod_optional_fn_import
configure:25501: result: no
configure:25582: checking whether to enable mod_optional_fn_export
configure:25635: result: no
configure:25717: checking whether to enable mod_dialup
configure:25770: result: no
configure:25892: checking for target platform
configure:25917: result: unix
configure:25949: checking for rlim_t
configure:25970: /home/jiamin/gcc/bin/gcc -std=gnu99 -c  -g -O2 -pthread  -DLINUX -D_REENTRANT -D_GNU_SOURCE conftest.c >&5
configure:25970: $? = 0
configure:25981: result: yes
configure:25993: checking sys/time.h usability
configure:25993: /home/jiamin/gcc/bin/gcc -std=gnu99 -c  -g -O2 -pthread  -DLINUX -D_REENTRANT -D_GNU_SOURCE conftest.c >&5
configure:25993: $? = 0
configure:25993: result: yes
configure:25993: checking sys/time.h presence
configure:25993: /home/jiamin/gcc/bin/gcc -E  -DLINUX -D_REENTRANT -D_GNU_SOURCE conftest.c
configure:25993: $? = 0
configure:25993: result: yes
configure:25993: checking for sys/time.h
configure:25993: result: yes
configure:25993: checking sys/resource.h usability
configure:25993: /home/jiamin/gcc/bin/gcc -std=gnu99 -c  -g -O2 -pthread  -DLINUX -D_REENTRANT -D_GNU_SOURCE conftest.c >&5
configure:25993: $? = 0
configure:25993: result: yes
configure:25993: checking sys/resource.h presence
configure:25993: /home/jiamin/gcc/bin/gcc -E  -DLINUX -D_REENTRANT -D_GNU_SOURCE conftest.c
configure:25993: $? = 0
configure:25993: result: yes
configure:25993: checking for sys/resource.h
configure:25993: result: yes
configure:25993: checking for sys/sem.h
configure:25993: result: yes
configure:25993: checking sys/ipc.h usability
configure:25993: /home/jiamin/gcc/bin/gcc -std=gnu99 -c  -g -O2 -pthread  -DLINUX -D_REENTRANT -D_GNU_SOURCE conftest.c >&5
configure:25993: $? = 0
configure:25993: result: yes
configure:25993: checking sys/ipc.h presence
configure:25993: /home/jiamin/gcc/bin/gcc -E  -DLINUX -D_REENTRANT -D_GNU_SOURCE conftest.c
configure:25993: $? = 0
configure:25993: result: yes
configure:25993: checking for sys/ipc.h
configure:25993: result: yes
configure:26007: checking for setsid
configure:26007: /home/jiamin/gcc/bin/gcc -std=gnu99 -o conftest  -g -O2 -pthread  -DLINUX -D_REENTRANT -D_GNU_SOURCE   conftest.c  >&5
configure:26007: $? = 0
configure:26007: result: yes
configure:26007: checking for killpg
configure:26007: /home/jiamin/gcc/bin/gcc -std=gnu99 -o conftest  -g -O2 -pthread  -DLINUX -D_REENTRANT -D_GNU_SOURCE   conftest.c  >&5
configure:26007: $? = 0
configure:26007: result: yes
configure:26023: checking bstring.h usability
configure:26023: /home/jiamin/gcc/bin/gcc -std=gnu99 -c  -g -O2 -pthread  -DLINUX -D_REENTRANT -D_GNU_SOURCE conftest.c >&5
conftest.c:84:21: fatal error: bstring.h: No such file or directory
 #include <bstring.h>
                     ^
compilation terminated.
configure:26023: $? = 1
configure: failed program was:
| /* confdefs.h */
| #define PACKAGE_NAME ""
| #define PACKAGE_TARNAME ""
| #define PACKAGE_VERSION ""
| #define PACKAGE_STRING ""
| #define PACKAGE_BUGREPORT ""
| #define PACKAGE_URL ""
| #define STDC_HEADERS 1
| #define HAVE_SYS_TYPES_H 1
| #define HAVE_SYS_STAT_H 1
| #define HAVE_STDLIB_H 1
| #define HAVE_STRING_H 1
| #define HAVE_MEMORY_H 1
| #define HAVE_STRINGS_H 1
| #define HAVE_INTTYPES_H 1
| #define HAVE_STDINT_H 1
| #define HAVE_UNISTD_H 1
| #define __EXTENSIONS__ 1
| #define _ALL_SOURCE 1
| #define _GNU_SOURCE 1
| #define _POSIX_PTHREAD_SEMANTICS 1
| #define _TANDEM_SOURCE 1
| #define STDC_HEADERS 1
| #define HAVE_STRING_H 1
| #define HAVE_LIMITS_H 1
| #define HAVE_UNISTD_H 1
| #define HAVE_SYS_SOCKET_H 1
| #define HAVE_PWD_H 1
| #define HAVE_GRP_H 1
| #define HAVE_STRINGS_H 1
| #define HAVE_SYS_PRCTL_H 1
| #define HAVE_SYS_SEM_H 1
| #define HAVE_SYS_WAIT_H 1
| #define HAVE_GETPWNAM 1
| #define HAVE_GETGRNAM 1
| #define HAVE_INITGROUPS 1
| #define HAVE_PRCTL 1
| #define HAVE_TIMEGM 1
| #define HAVE_GETPGID 1
| #define HAVE_FOPEN64 1
| #define HAVE_GETLOADAVG 1
| #define HAVE_GETTID 1
| #define HAVE_GMTOFF 1
| #define HAVE_SYS_TIME_H 1
| #define HAVE_SYS_RESOURCE_H 1
| #define HAVE_SYS_SEM_H 1
| #define HAVE_SYS_IPC_H 1
| #define HAVE_SETSID 1
| #define HAVE_KILLPG 1
| /* end confdefs.h.  */
| #include <stdio.h>
| #ifdef HAVE_SYS_TYPES_H
| # include <sys/types.h>
| #endif
| #ifdef HAVE_SYS_STAT_H
| # include <sys/stat.h>
| #endif
| #ifdef STDC_HEADERS
| # include <stdlib.h>
| # include <stddef.h>
| #else
| # ifdef HAVE_STDLIB_H
| #  include <stdlib.h>
| # endif
| #endif
| #ifdef HAVE_STRING_H
| # if !defined STDC_HEADERS && defined HAVE_MEMORY_H
| #  include <memory.h>
| # endif
| # include <string.h>
| #endif
| #ifdef HAVE_STRINGS_H
| # include <strings.h>
| #endif
| #ifdef HAVE_INTTYPES_H
| # include <inttypes.h>
| #endif
| #ifdef HAVE_STDINT_H
| # include <stdint.h>
| #endif
| #ifdef HAVE_UNISTD_H
| # include <unistd.h>
| #endif
| #include <bstring.h>
configure:26023: result: no
configure:26023: checking bstring.h presence
configure:26023: /home/jiamin/gcc/bin/gcc -E  -DLINUX -D_REENTRANT -D_GNU_SOURCE conftest.c
conftest.c:51:21: fatal error: bstring.h: No such file or directory
 #include <bstring.h>
                     ^
compilation terminated.
configure:26023: $? = 1
configure: failed program was:
| /* confdefs.h */
| #define PACKAGE_NAME ""
| #define PACKAGE_TARNAME ""
| #define PACKAGE_VERSION ""
| #define PACKAGE_STRING ""
| #define PACKAGE_BUGREPORT ""
| #define PACKAGE_URL ""
| #define STDC_HEADERS 1
| #define HAVE_SYS_TYPES_H 1
| #define HAVE_SYS_STAT_H 1
| #define HAVE_STDLIB_H 1
| #define HAVE_STRING_H 1
| #define HAVE_MEMORY_H 1
| #define HAVE_STRINGS_H 1
| #define HAVE_INTTYPES_H 1
| #define HAVE_STDINT_H 1
| #define HAVE_UNISTD_H 1
| #define __EXTENSIONS__ 1
| #define _ALL_SOURCE 1
| #define _GNU_SOURCE 1
| #define _POSIX_PTHREAD_SEMANTICS 1
| #define _TANDEM_SOURCE 1
| #define STDC_HEADERS 1
| #define HAVE_STRING_H 1
| #define HAVE_LIMITS_H 1
| #define HAVE_UNISTD_H 1
| #define HAVE_SYS_SOCKET_H 1
| #define HAVE_PWD_H 1
| #define HAVE_GRP_H 1
| #define HAVE_STRINGS_H 1
| #define HAVE_SYS_PRCTL_H 1
| #define HAVE_SYS_SEM_H 1
| #define HAVE_SYS_WAIT_H 1
| #define HAVE_GETPWNAM 1
| #define HAVE_GETGRNAM 1
| #define HAVE_INITGROUPS 1
| #define HAVE_PRCTL 1
| #define HAVE_TIMEGM 1
| #define HAVE_GETPGID 1
| #define HAVE_FOPEN64 1
| #define HAVE_GETLOADAVG 1
| #define HAVE_GETTID 1
| #define HAVE_GMTOFF 1
| #define HAVE_SYS_TIME_H 1
| #define HAVE_SYS_RESOURCE_H 1
| #define HAVE_SYS_SEM_H 1
| #define HAVE_SYS_IPC_H 1
| #define HAVE_SETSID 1
| #define HAVE_KILLPG 1
| /* end confdefs.h.  */
| #include <bstring.h>
configure:26023: result: no
configure:26023: checking for bstring.h
configure:26023: result: no
configure:26023: checking for unistd.h
configure:26023: result: yes
configure:26038: checking for syslog
configure:26038: /home/jiamin/gcc/bin/gcc -std=gnu99 -o conftest  -g -O2 -pthread  -DLINUX -D_REENTRANT -D_GNU_SOURCE   conftest.c  >&5
configure:26038: $? = 0
configure:26038: result: yes
configure:26050: checking sys/times.h usability
configure:26050: /home/jiamin/gcc/bin/gcc -std=gnu99 -c  -g -O2 -pthread  -DLINUX -D_REENTRANT -D_GNU_SOURCE conftest.c >&5
configure:26050: $? = 0
configure:26050: result: yes
configure:26050: checking sys/times.h presence
configure:26050: /home/jiamin/gcc/bin/gcc -E  -DLINUX -D_REENTRANT -D_GNU_SOURCE conftest.c
configure:26050: $? = 0
configure:26050: result: yes
configure:26050: checking for sys/times.h
configure:26050: result: yes
configure:26062: checking for times
configure:26062: /home/jiamin/gcc/bin/gcc -std=gnu99 -o conftest  -g -O2 -pthread  -DLINUX -D_REENTRANT -D_GNU_SOURCE   conftest.c  >&5
configure:26062: $? = 0
configure:26062: result: yes
configure:26131: checking whether APR supports thread-safe pollsets
configure:26150: checking for kqueue
configure:26150: /home/jiamin/gcc/bin/gcc -std=gnu99 -o conftest  -g -O2 -pthread  -DLINUX -D_REENTRANT -D_GNU_SOURCE   conftest.c  >&5
/tmp/ccAHVP0o.o: In function `main':
/home/jiamin/OSDI/httpd/conftest.c:89: undefined reference to `kqueue'
collect2: error: ld returned 1 exit status
configure:26150: $? = 1
configure: failed program was:
| /* confdefs.h */
| #define PACKAGE_NAME ""
| #define PACKAGE_TARNAME ""
| #define PACKAGE_VERSION ""
| #define PACKAGE_STRING ""
| #define PACKAGE_BUGREPORT ""
| #define PACKAGE_URL ""
| #define STDC_HEADERS 1
| #define HAVE_SYS_TYPES_H 1
| #define HAVE_SYS_STAT_H 1
| #define HAVE_STDLIB_H 1
| #define HAVE_STRING_H 1
| #define HAVE_MEMORY_H 1
| #define HAVE_STRINGS_H 1
| #define HAVE_INTTYPES_H 1
| #define HAVE_STDINT_H 1
| #define HAVE_UNISTD_H 1
| #define __EXTENSIONS__ 1
| #define _ALL_SOURCE 1
| #define _GNU_SOURCE 1
| #define _POSIX_PTHREAD_SEMANTICS 1
| #define _TANDEM_SOURCE 1
| #define STDC_HEADERS 1
| #define HAVE_STRING_H 1
| #define HAVE_LIMITS_H 1
| #define HAVE_UNISTD_H 1
| #define HAVE_SYS_SOCKET_H 1
| #define HAVE_PWD_H 1
| #define HAVE_GRP_H 1
| #define HAVE_STRINGS_H 1
| #define HAVE_SYS_PRCTL_H 1
| #define HAVE_SYS_SEM_H 1
| #define HAVE_SYS_WAIT_H 1
| #define HAVE_GETPWNAM 1
| #define HAVE_GETGRNAM 1
| #define HAVE_INITGROUPS 1
| #define HAVE_PRCTL 1
| #define HAVE_TIMEGM 1
| #define HAVE_GETPGID 1
| #define HAVE_FOPEN64 1
| #define HAVE_GETLOADAVG 1
| #define HAVE_GETTID 1
| #define HAVE_GMTOFF 1
| #define HAVE_SYS_TIME_H 1
| #define HAVE_SYS_RESOURCE_H 1
| #define HAVE_SYS_SEM_H 1
| #define HAVE_SYS_IPC_H 1
| #define HAVE_SETSID 1
| #define HAVE_KILLPG 1
| #define HAVE_UNISTD_H 1
| #define HAVE_SYSLOG 1
| #define HAVE_SYS_TIMES_H 1
| #define HAVE_TIMES 1
| /* end confdefs.h.  */
| /* Define kqueue to an innocuous variant, in case <limits.h> declares kqueue.
|    For example, HP-UX 11i <limits.h> declares gettimeofday.  */
| #define kqueue innocuous_kqueue
| 
| /* System header to define __stub macros and hopefully few prototypes,
|     which can conflict with char kqueue (); below.
|     Prefer <limits.h> to <assert.h> if __STDC__ is defined, since
|     <limits.h> exists even on freestanding compilers.  */
| 
| #ifdef __STDC__
| # include <limits.h>
| #else
| # include <assert.h>
| #endif
| 
| #undef kqueue
| 
| /* Override any GCC internal prototype to avoid an error.
|    Use char because int might match the return type of a GCC
|    builtin and then its argument prototype would still apply.  */
| #ifdef __cplusplus
| extern "C"
| #endif
| char kqueue ();
| /* The GNU C library defines this for functions which it implements
|     to always fail with ENOSYS.  Some functions are actually named
|     something starting with __ and the normal name is an alias.  */
| #if defined __stub_kqueue || defined __stub___kqueue
| choke me
| #endif
| 
| int
| main ()
| {
| return kqueue ();
|   ;
|   return 0;
| }
configure:26150: result: no
configure:26150: checking for port_create
configure:26150: /home/jiamin/gcc/bin/gcc -std=gnu99 -o conftest  -g -O2 -pthread  -DLINUX -D_REENTRANT -D_GNU_SOURCE   conftest.c  >&5
/tmp/ccQEegIt.o: In function `main':
/home/jiamin/OSDI/httpd/conftest.c:89: undefined reference to `port_create'
collect2: error: ld returned 1 exit status
configure:26150: $? = 1
configure: failed program was:
| /* confdefs.h */
| #define PACKAGE_NAME ""
| #define PACKAGE_TARNAME ""
| #define PACKAGE_VERSION ""
| #define PACKAGE_STRING ""
| #define PACKAGE_BUGREPORT ""
| #define PACKAGE_URL ""
| #define STDC_HEADERS 1
| #define HAVE_SYS_TYPES_H 1
| #define HAVE_SYS_STAT_H 1
| #define HAVE_STDLIB_H 1
| #define HAVE_STRING_H 1
| #define HAVE_MEMORY_H 1
| #define HAVE_STRINGS_H 1
| #define HAVE_INTTYPES_H 1
| #define HAVE_STDINT_H 1
| #define HAVE_UNISTD_H 1
| #define __EXTENSIONS__ 1
| #define _ALL_SOURCE 1
| #define _GNU_SOURCE 1
| #define _POSIX_PTHREAD_SEMANTICS 1
| #define _TANDEM_SOURCE 1
| #define STDC_HEADERS 1
| #define HAVE_STRING_H 1
| #define HAVE_LIMITS_H 1
| #define HAVE_UNISTD_H 1
| #define HAVE_SYS_SOCKET_H 1
| #define HAVE_PWD_H 1
| #define HAVE_GRP_H 1
| #define HAVE_STRINGS_H 1
| #define HAVE_SYS_PRCTL_H 1
| #define HAVE_SYS_SEM_H 1
| #define HAVE_SYS_WAIT_H 1
| #define HAVE_GETPWNAM 1
| #define HAVE_GETGRNAM 1
| #define HAVE_INITGROUPS 1
| #define HAVE_PRCTL 1
| #define HAVE_TIMEGM 1
| #define HAVE_GETPGID 1
| #define HAVE_FOPEN64 1
| #define HAVE_GETLOADAVG 1
| #define HAVE_GETTID 1
| #define HAVE_GMTOFF 1
| #define HAVE_SYS_TIME_H 1
| #define HAVE_SYS_RESOURCE_H 1
| #define HAVE_SYS_SEM_H 1
| #define HAVE_SYS_IPC_H 1
| #define HAVE_SETSID 1
| #define HAVE_KILLPG 1
| #define HAVE_UNISTD_H 1
| #define HAVE_SYSLOG 1
| #define HAVE_SYS_TIMES_H 1
| #define HAVE_TIMES 1
| /* end confdefs.h.  */
| /* Define port_create to an innocuous variant, in case <limits.h> declares port_create.
|    For example, HP-UX 11i <limits.h> declares gettimeofday.  */
| #define port_create innocuous_port_create
| 
| /* System header to define __stub macros and hopefully few prototypes,
|     which can conflict with char port_create (); below.
|     Prefer <limits.h> to <assert.h> if __STDC__ is defined, since
|     <limits.h> exists even on freestanding compilers.  */
| 
| #ifdef __STDC__
| # include <limits.h>
| #else
| # include <assert.h>
| #endif
| 
| #undef port_create
| 
| /* Override any GCC internal prototype to avoid an error.
|    Use char because int might match the return type of a GCC
|    builtin and then its argument prototype would still apply.  */
| #ifdef __cplusplus
| extern "C"
| #endif
| char port_create ();
| /* The GNU C library defines this for functions which it implements
|     to always fail with ENOSYS.  Some functions are actually named
|     something starting with __ and the normal name is an alias.  */
| #if defined __stub_port_create || defined __stub___port_create
| choke me
| #endif
| 
| int
| main ()
| {
| return port_create ();
|   ;
|   return 0;
| }
configure:26150: result: no
configure:26150: checking for epoll_create
configure:26150: /home/jiamin/gcc/bin/gcc -std=gnu99 -o conftest  -g -O2 -pthread  -DLINUX -D_REENTRANT -D_GNU_SOURCE   conftest.c  >&5
configure:26150: $? = 0
configure:26150: result: yes
configure:26166: result: yes
configure:26233: checking if event MPM supports this platform
configure:26251: result: yes
configure:26266: checking if mpmt_os2 MPM supports this platform
configure:26285: result: no
configure:26290: checking if prefork MPM supports this platform
configure:26296: result: yes
configure:26311: checking if WinNT MPM supports this platform
configure:26330: result: no
configure:26335: checking if worker MPM supports this platform
configure:26347: result: yes
configure:27203: checking whether to enable mod_http2
configure:27254: result: checking dependencies
configure:27259: checking for OpenSSL
configure:27763: result: no
configure:27838: checking for nghttp2
configure:27849: checking for user-provided nghttp2 base directory
configure:27862: result: none
configure:27875: checking for pkg-config along 
configure:28200: checking for nghttp2 version >= 1.2.1
configure:28219: /home/jiamin/gcc/bin/gcc -std=gnu99 -c  -g -O2 -pthread  -DLINUX -D_REENTRANT -D_GNU_SOURCE conftest.c >&5
conftest.c:56:32: fatal error: nghttp2/nghttp2ver.h: No such file or directory
 #include <nghttp2/nghttp2ver.h>
                                ^
compilation terminated.
configure:28219: $? = 1
configure: failed program was:
| /* confdefs.h */
| #define PACKAGE_NAME ""
| #define PACKAGE_TARNAME ""
| #define PACKAGE_VERSION ""
| #define PACKAGE_STRING ""
| #define PACKAGE_BUGREPORT ""
| #define PACKAGE_URL ""
| #define STDC_HEADERS 1
| #define HAVE_SYS_TYPES_H 1
| #define HAVE_SYS_STAT_H 1
| #define HAVE_STDLIB_H 1
| #define HAVE_STRING_H 1
| #define HAVE_MEMORY_H 1
| #define HAVE_STRINGS_H 1
| #define HAVE_INTTYPES_H 1
| #define HAVE_STDINT_H 1
| #define HAVE_UNISTD_H 1
| #define __EXTENSIONS__ 1
| #define _ALL_SOURCE 1
| #define _GNU_SOURCE 1
| #define _POSIX_PTHREAD_SEMANTICS 1
| #define _TANDEM_SOURCE 1
| #define STDC_HEADERS 1
| #define HAVE_STRING_H 1
| #define HAVE_LIMITS_H 1
| #define HAVE_UNISTD_H 1
| #define HAVE_SYS_SOCKET_H 1
| #define HAVE_PWD_H 1
| #define HAVE_GRP_H 1
| #define HAVE_STRINGS_H 1
| #define HAVE_SYS_PRCTL_H 1
| #define HAVE_SYS_SEM_H 1
| #define HAVE_SYS_WAIT_H 1
| #define HAVE_GETPWNAM 1
| #define HAVE_GETGRNAM 1
| #define HAVE_INITGROUPS 1
| #define HAVE_PRCTL 1
| #define HAVE_TIMEGM 1
| #define HAVE_GETPGID 1
| #define HAVE_FOPEN64 1
| #define HAVE_GETLOADAVG 1
| #define HAVE_GETTID 1
| #define HAVE_GMTOFF 1
| #define HAVE_SYS_TIME_H 1
| #define HAVE_SYS_RESOURCE_H 1
| #define HAVE_SYS_SEM_H 1
| #define HAVE_SYS_IPC_H 1
| #define HAVE_SETSID 1
| #define HAVE_KILLPG 1
| #define HAVE_UNISTD_H 1
| #define HAVE_SYSLOG 1
| #define HAVE_SYS_TIMES_H 1
| #define HAVE_TIMES 1
| #define HAVE_EPOLL_CREATE 1
| /* end confdefs.h.  */
| #include <nghttp2/nghttp2ver.h>
| int
| main ()
| {
| 
| #if !defined(NGHTTP2_VERSION_NUM)
| #error "Missing nghttp2 version"
| #endif
| #if NGHTTP2_VERSION_NUM < 0x010201
| #error "Unsupported nghttp2 version " NGHTTP2_VERSION_TEXT
| #endif
|   ;
|   return 0;
| }
configure:28224: result: FAILED
configure:28365: WARNING: nghttp2 version is too old
configure:28374: result: no
configure:28413: checking whether to enable mod_http2
configure:28423: result: no (disabled)
configure:28543: checking whether to enable mod_lbmethod_byrequests
configure:28596: result: shared (most)
configure:28677: checking whether to enable mod_lbmethod_bytraffic
configure:28730: result: shared (most)
configure:28811: checking whether to enable mod_lbmethod_bybusyness
configure:28864: result: shared (most)
configure:28945: checking whether to enable mod_lbmethod_heartbeat
configure:28998: result: shared (most)
configure:29098: checking which MPM to use by default
configure:29120: result: event
configure:29303: checking for pthread_kill
configure:29303: /home/jiamin/gcc/bin/gcc -std=gnu99 -o conftest  -g -O2 -pthread  -DLINUX -D_REENTRANT -D_GNU_SOURCE   conftest.c  >&5
configure:29303: $? = 0
configure:29303: result: yes
configure:29565: checking whether to enable mod_unixd
configure:29618: result: shared
configure:29699: checking whether to enable mod_privileges
configure:29785: result: no
configure:29932: checking whether to enable mod_heartbeat
configure:30006: result: no
configure:30087: checking whether to enable mod_heartmonitor
configure:30140: result: no
configure:30262: checking whether to enable mod_dav
configure:30315: result: shared (most)
configure:30456: checking whether to enable mod_status
configure:30509: result: shared
configure:30590: checking whether to enable mod_autoindex
configure:30643: result: shared
configure:30724: checking whether to enable mod_asis
configure:30777: result: no
configure:30858: checking whether to enable mod_info
configure:30911: result: shared (most)
configure:30992: checking whether to enable mod_suexec
configure:31059: result: no
configure:31156: checking whether to enable mod_cgid
configure:31207: result: checking dependencies
configure:31249: checking whether to enable mod_cgid
configure:31259: result: shared (most)
configure:31340: checking whether to enable mod_cgi
configure:31393: result: no
configure:31908: checking whether to enable mod_dav_fs
configure:31959: result: checking dependencies
configure:31972: checking whether to enable mod_dav_fs
configure:31982: result: shared (most)
configure:32106: checking whether to enable mod_dav_lock
configure:32180: result: no
configure:32280: checking for extra modules
configure:32339: result: none
configure:32360: checking whether to enable mod_vhost_alias
configure:32413: result: shared (most)
configure:32494: checking whether to enable mod_negotiation
configure:32547: result: shared (most)
configure:32628: checking whether to enable mod_dir
configure:32681: result: shared
configure:32762: checking whether to enable mod_imagemap
configure:32815: result: no
configure:32896: checking whether to enable mod_actions
configure:32949: result: shared (most)
configure:33030: checking whether to enable mod_speling
configure:33083: result: shared (most)
configure:33164: checking whether to enable mod_userdir
configure:33217: result: shared (most)
configure:33298: checking whether to enable mod_alias
configure:33351: result: shared
configure:33432: checking whether to enable mod_rewrite
configure:33485: result: shared (most)
configure:33998: 
configure:34000: Restore user-defined environment settings...
configure:34002: 
configure:34120: 
configure:34122: Construct makefiles and header files...
configure:34124: 
configure:34443: creating config_vars.mk
configure:34626: creating ./config.status

## ---------------------- ##
## Running config.status. ##
## ---------------------- ##

This file was extended by config.status, which was
generated by GNU Autoconf 2.69.  Invocation command line was

  CONFIG_FILES    = 
  CONFIG_HEADERS  = 
  CONFIG_LINKS    = 
  CONFIG_COMMANDS = 
  $ ./config.status 

on salat3.eecs.umich.edu

config.status:1180: creating docs/conf/httpd.conf
config.status:1180: creating docs/conf/extra/httpd-autoindex.conf
config.status:1180: creating docs/conf/extra/httpd-dav.conf
config.status:1180: creating docs/conf/extra/httpd-default.conf
config.status:1180: creating docs/conf/extra/httpd-info.conf
config.status:1180: creating docs/conf/extra/httpd-languages.conf
config.status:1180: creating docs/conf/extra/httpd-manual.conf
config.status:1180: creating docs/conf/extra/httpd-mpm.conf
config.status:1180: creating docs/conf/extra/httpd-multilang-errordoc.conf
config.status:1180: creating docs/conf/extra/httpd-ssl.conf
config.status:1180: creating docs/conf/extra/httpd-userdir.conf
config.status:1180: creating docs/conf/extra/httpd-vhosts.conf
config.status:1180: creating docs/conf/extra/proxy-html.conf
config.status:1180: creating include/ap_config_layout.h
config.status:1180: creating support/apxs
config.status:1180: creating support/apachectl
config.status:1180: creating support/dbmmanage
config.status:1180: creating support/envvars-std
config.status:1180: creating support/log_server_status
config.status:1180: creating support/logresolve.pl
config.status:1180: creating support/phf_abuse_log.cgi
config.status:1180: creating support/split-logfile
config.status:1180: creating build/rules.mk
config.status:1180: creating build/pkg/pkginfo
config.status:1180: creating build/config_vars.sh
config.status:1180: creating include/ap_config_auto.h
config.status:1364: executing default commands

## ---------------- ##
## Cache variables. ##
## ---------------- ##

ac_cv_APR_HAS_LDAP=no
ac_cv_build=x86_64-unknown-linux-gnu
ac_cv_c_compiler_gnu=yes
ac_cv_c_const=yes
ac_cv_define_APR_HAS_DSO=yes
ac_cv_define_APR_HAS_RANDOM=yes
ac_cv_define_APR_HAS_THREADS=yes
ac_cv_define_APR_HAVE_IPV6=yes
ac_cv_env_CC_set=set
ac_cv_env_CC_value=/home/jiamin/gcc/bin/gcc
ac_cv_env_CFLAGS_set=
ac_cv_env_CFLAGS_value=
ac_cv_env_CPPFLAGS_set=
ac_cv_env_CPPFLAGS_value=
ac_cv_env_CPP_set=
ac_cv_env_CPP_value=
ac_cv_env_LDFLAGS_set=
ac_cv_env_LDFLAGS_value=
ac_cv_env_LIBS_set=
ac_cv_env_LIBS_value=
ac_cv_env_build_alias_set=
ac_cv_env_build_alias_value=
ac_cv_env_host_alias_set=
ac_cv_env_host_alias_value=
ac_cv_env_target_alias_set=
ac_cv_env_target_alias_value=
ac_cv_func_bindprocessor=no
ac_cv_func_epoll_create=yes
ac_cv_func_fopen64=yes
ac_cv_func_getgrnam=yes
ac_cv_func_getloadavg=yes
ac_cv_func_getpgid=yes
ac_cv_func_getpwnam=yes
ac_cv_func_initgroups=yes
ac_cv_func_killpg=yes
ac_cv_func_kqueue=no
ac_cv_func_port_create=no
ac_cv_func_prctl=yes
ac_cv_func_pthread_kill=yes
ac_cv_func_setsid=yes
ac_cv_func_syslog=yes
ac_cv_func_timegm=yes
ac_cv_func_times=yes
ac_cv_gettid=yes
ac_cv_have_threadsafe_pollset=yes
ac_cv_header_bstring_h=no
ac_cv_header_grp_h=yes
ac_cv_header_inttypes_h=yes
ac_cv_header_limits_h=yes
ac_cv_header_memory_h=yes
ac_cv_header_minix_config_h=no
ac_cv_header_pwd_h=yes
ac_cv_header_stdc=yes
ac_cv_header_stdint_h=yes
ac_cv_header_stdlib_h=yes
ac_cv_header_string_h=yes
ac_cv_header_strings_h=yes
ac_cv_header_sys_ipc_h=yes
ac_cv_header_sys_loadavg_h=no
ac_cv_header_sys_prctl_h=yes
ac_cv_header_sys_processor_h=no
ac_cv_header_sys_resource_h=yes
ac_cv_header_sys_sdt_h=no
ac_cv_header_sys_sem_h=yes
ac_cv_header_sys_socket_h=yes
ac_cv_header_sys_stat_h=yes
ac_cv_header_sys_time_h=yes
ac_cv_header_sys_times_h=yes
ac_cv_header_sys_types_h=yes
ac_cv_header_sys_wait_h=yes
ac_cv_header_unistd_h=yes
ac_cv_host=x86_64-unknown-linux-gnu
ac_cv_mkdir_p=yes
ac_cv_nghttp2=no
ac_cv_objext=o
ac_cv_openssl=no
ac_cv_path_EGREP='/bin/grep -E'
ac_cv_path_GREP=/bin/grep
ac_cv_path_PCRE_CONFIG=/home/jiamin/usr/bin/pcre-config
ac_cv_path_PKGCONFIG=/usr/bin/pkg-config
ac_cv_path_RM=/bin/rm
ac_cv_path_RSYNC=/usr/bin/rsync
ac_cv_prog_AWK=gawk
ac_cv_prog_CPP='/home/jiamin/gcc/bin/gcc -E'
ac_cv_prog_LYNX_PATH=links
ac_cv_prog_ac_ct_CC=/home/jiamin/gcc/bin/gcc
ac_cv_prog_ac_ct_RANLIB=ranlib
ac_cv_prog_cc_c89=
ac_cv_prog_cc_c99=-std=gnu99
ac_cv_prog_cc_g=yes
ac_cv_safe_to_define___extensions__=yes
ac_cv_search_crypt=-lcrypt
ac_cv_search_sqrt=-lm
ac_cv_search_strerror='none required'
ac_cv_struct_tm_gmtoff=yes
ac_cv_target=x86_64-unknown-linux-gnu
ac_cv_type_rlim_t=yes
ap_cv_void_ptr_lt_long=no

## ----------------- ##
## Output variables. ##
## ----------------- ##

APACHECTL_ULIMIT='ulimit -S -n `ulimit -H -n`'
APR_BINDIR='/home/jiamin/usr/bin'
APR_CONFIG='/home/jiamin/usr/bin/apr-1-config'
APR_INCLUDEDIR='/home/jiamin/OSDI/httpd/srclib/apr/include'
APR_VERSION='1.5.2'
APU_BINDIR='/home/jiamin/usr/bin'
APU_CONFIG='/home/jiamin/usr/bin/apu-1-config'
APU_INCLUDEDIR='/home/jiamin/OSDI/httpd/srclib/apr-util/include'
APU_VERSION='1.5.4'
AP_BUILD_SRCLIB_DIRS='apr  apr-util'
AP_CLEAN_SRCLIB_DIRS='apr-util  apr'
AP_LIBS='$(MOD_SO_LDADD) $(MOD_HTTP_LDADD) $(MOD_MPM_EVENT_LDADD)  /home/jiamin/OSDI/httpd/srclib/apr-util/libaprutil-1.la     /home/jiamin/OSDI/httpd/srclib/apr-util/xml/expat/libexpat.la  /home/jiamin/OSDI/httpd/srclib/apr/libapr-1.la -lrt -lcrypt  -lpthread'
AWK='gawk'
BUILTIN_LIBS=' modules/core/libmod_so.la modules/http/libmod_http.la'
CC='/home/jiamin/gcc/bin/gcc -std=gnu99'
CFLAGS=''
CORE_IMPLIB=''
CORE_IMPLIB_FILE=''
CPP='/home/jiamin/gcc/bin/gcc -E'
CPPFLAGS=''
CRYPT_LIBS='-lcrypt '
CXX='/home/jiamin/gcc/bin/g++'
CXXFLAGS=''
DEFS='-DHAVE_CONFIG_H'
DSO_MODULES=' authn_file authn_dbm authn_anon authn_dbd authn_socache authn_core authz_host authz_groupfile authz_user authz_dbm authz_owner authz_dbd authz_core access_compat auth_basic auth_form auth_digest allowmethods file_cache cache cache_disk cache_socache socache_shmcb socache_dbm socache_memcache macro dbd dumpio buffer ratelimit reqtimeout ext_filter request include filter substitute sed mime log_config log_debug logio env expires headers unique_id setenvif version remoteip proxy proxy_connect proxy_ftp proxy_http proxy_fcgi proxy_scgi proxy_wstunnel proxy_ajp proxy_balancer proxy_express session session_cookie session_dbd slotmem_shm lbmethod_byrequests lbmethod_bytraffic lbmethod_bybusyness lbmethod_heartbeat unixd dav status autoindex info cgid dav_fs vhost_alias negotiation dir actions speling userdir alias rewrite'
DTRACE='true'
ECHO_C=''
ECHO_N='-n'
ECHO_T=''
EGREP='/bin/grep -E'
ENABLED_DSO_MODULES=',authn_file,authn_core,authz_host,authz_groupfile,authz_user,authz_core,access_compat,auth_basic,reqtimeout,filter,mime,log_config,env,headers,setenvif,version,unixd,status,autoindex,dir,alias'
EXEEXT=''
EXTRA_CFLAGS=' -g -O2 -pthread'
EXTRA_CPPFLAGS=' -DLINUX -D_REENTRANT -D_GNU_SOURCE'
EXTRA_CXXFLAGS=''
EXTRA_INCLUDES='-I. -I$(top_srcdir)/os/$(OS_DIR) -I$(top_srcdir)/include -I/home/jiamin/OSDI/httpd/srclib/apr/include -I/home/jiamin/OSDI/httpd/srclib/apr-util/include -I/home/jiamin/OSDI/httpd/srclib/apr-util/xml/expat/lib -I/home/jiamin/usr/include -I$(top_srcdir)/modules/aaa -I$(top_srcdir)/modules/cache -I$(top_srcdir)/modules/core -I$(top_srcdir)/modules/database -I$(top_srcdir)/modules/filters -I$(top_srcdir)/modules/ldap -I$(top_srcdir)/modules/loggers -I$(top_srcdir)/modules/lua -I$(top_srcdir)/modules/proxy -I$(top_srcdir)/modules/session -I$(top_srcdir)/modules/ssl -I$(top_srcdir)/modules/test -I$(top_srcdir)/server -I$(top_srcdir)/modules/arch/unix -I$(top_srcdir)/modules/dav/main -I$(top_srcdir)/modules/generators -I$(top_srcdir)/modules/mappers'
EXTRA_LDFLAGS=' '
EXTRA_LIBS=''
GREP='/bin/grep'
HTTPD_LDFLAGS='-export-dynamic'
HTTPD_MMN='20120211'
HTTPD_VERSION='2.4.20'
INCLUDES=''
INSTALL='$(LIBTOOL) --mode=install $(abs_srcdir)/build/install.sh -c'
INSTALL_DSO='yes'
INSTALL_PROG_FLAGS=''
INTERNAL_CPPFLAGS=''
LDFLAGS=''
LIBOBJS=''
LIBS=''
LIBTOOL='/home/jiamin/OSDI/httpd/srclib/apr/libtool $(LTFLAGS)'
LN_S='ln -s'
LOAD_ALL_MODULES='no'
LTCFLAGS='-prefer-non-pic -static'
LTFLAGS='--silent'
LTLIBOBJS=''
LT_LDFLAGS=''
LUA_CFLAGS=''
LUA_LIBS=''
LYNX_PATH='links'
MATH_LIBS='-lm '
MKDEP='$(CC) -MM'
MKINSTALLDIRS='$(abs_srcdir)/build/mkdir.sh'
MK_IMPLIB=''
MODULE_CLEANDIRS=' arch/win32 echo examples experimental ldap lua ssl test http2 cluster dav/lock'
MODULE_DIRS=' aaa cache core database debugging filters http loggers metadata proxy session slotmem proxy/balancers arch/unix dav/main generators dav/fs mappers'
MOD_ACCESS_COMPAT_LDADD=''
MOD_ACTIONS_LDADD=''
MOD_ALIAS_LDADD=''
MOD_ALLOWMETHODS_LDADD=''
MOD_ASIS_LDADD=''
MOD_AUTHNZ_FCGI_LDADD=''
MOD_AUTHNZ_LDAP_LDADD=''
MOD_AUTHN_ANON_LDADD=''
MOD_AUTHN_CORE_LDADD=''
MOD_AUTHN_DBD_LDADD=''
MOD_AUTHN_DBM_LDADD=''
MOD_AUTHN_FILE_LDADD=''
MOD_AUTHN_SOCACHE_LDADD=''
MOD_AUTHZ_CORE_LDADD=''
MOD_AUTHZ_DBD_LDADD=''
MOD_AUTHZ_DBM_LDADD=''
MOD_AUTHZ_GROUPFILE_LDADD=''
MOD_AUTHZ_HOST_LDADD=''
MOD_AUTHZ_OWNER_LDADD=''
MOD_AUTHZ_USER_LDADD=''
MOD_AUTH_BASIC_LDADD=''
MOD_AUTH_DIGEST_LDADD=''
MOD_AUTH_FORM_LDADD=''
MOD_AUTOINDEX_LDADD=''
MOD_BUCKETEER_LDADD=''
MOD_BUFFER_LDADD=''
MOD_CACHE_DISK_LDADD=''
MOD_CACHE_LDADD=''
MOD_CACHE_SOCACHE_LDADD=''
MOD_CASE_FILTER_IN_LDADD=''
MOD_CASE_FILTER_LDADD=''
MOD_CERN_META_LDADD=''
MOD_CGID_LDADD=''
MOD_CGI_LDADD=''
MOD_CHARSET_LITE_LDADD=''
MOD_DATA_LDADD=''
MOD_DAV_FS_LDADD=''
MOD_DAV_LDADD=''
MOD_DAV_LOCK_LDADD=''
MOD_DBD_LDADD=''
MOD_DEFLATE_LDADD=''
MOD_DIALUP_LDADD=''
MOD_DIR_LDADD=''
MOD_DUMPIO_LDADD=''
MOD_ECHO_LDADD=''
MOD_ENV_LDADD=''
MOD_EXAMPLE_HOOKS_LDADD=''
MOD_EXAMPLE_IPC_LDADD=''
MOD_EXPIRES_LDADD=''
MOD_EXT_FILTER_LDADD=''
MOD_FILE_CACHE_LDADD=''
MOD_FILTER_LDADD=''
MOD_HEADERS_LDADD=''
MOD_HEARTBEAT_LDADD=''
MOD_HEARTMONITOR_LDADD=''
MOD_HTTP2_LDADD=''
MOD_HTTP_LDADD=''
MOD_IDENT_LDADD=''
MOD_IMAGEMAP_LDADD=''
MOD_INCLUDE_LDADD=''
MOD_INFO_LDADD=''
MOD_ISAPI_LDADD=''
MOD_LBMETHOD_BYBUSYNESS_LDADD=''
MOD_LBMETHOD_BYREQUESTS_LDADD=''
MOD_LBMETHOD_BYTRAFFIC_LDADD=''
MOD_LBMETHOD_HEARTBEAT_LDADD=''
MOD_LDAP_LDADD=''
MOD_LOGIO_LDADD=''
MOD_LOG_CONFIG_LDADD=''
MOD_LOG_DEBUG_LDADD=''
MOD_LOG_FORENSIC_LDADD=''
MOD_LUA_LDADD=''
MOD_MACRO_LDADD=''
MOD_MIME_LDADD=''
MOD_MIME_MAGIC_LDADD=''
MOD_MPM_EVENT_LDADD=''
MOD_NEGOTIATION_LDADD=''
MOD_OPTIONAL_FN_EXPORT_LDADD=''
MOD_OPTIONAL_FN_IMPORT_LDADD=''
MOD_OPTIONAL_HOOK_EXPORT_LDADD=''
MOD_OPTIONAL_HOOK_IMPORT_LDADD=''
MOD_PRIVILEGES_LDADD=''
MOD_PROXY_AJP_LDADD=''
MOD_PROXY_BALANCER_LDADD=''
MOD_PROXY_CONNECT_LDADD=''
MOD_PROXY_EXPRESS_LDADD=''
MOD_PROXY_FCGI_LDADD=''
MOD_PROXY_FDPASS_LDADD=''
MOD_PROXY_FTP_LDADD=''
MOD_PROXY_HTML_LDADD=''
MOD_PROXY_HTTP_LDADD=''
MOD_PROXY_LDADD=''
MOD_PROXY_SCGI_LDADD=''
MOD_PROXY_WSTUNNEL_LDADD=''
MOD_RATELIMIT_LDADD=''
MOD_REFLECTOR_LDADD=''
MOD_REMOTEIP_LDADD=''
MOD_REQTIMEOUT_LDADD=''
MOD_REQUEST_LDADD=''
MOD_REWRITE_LDADD=''
MOD_SED_LDADD='-export-symbols-regex sed_module'
MOD_SESSION_COOKIE_LDADD=''
MOD_SESSION_CRYPTO_LDADD=''
MOD_SESSION_DBD_LDADD=''
MOD_SESSION_LDADD=''
MOD_SETENVIF_LDADD=''
MOD_SLOTMEM_PLAIN_LDADD=''
MOD_SLOTMEM_SHM_LDADD=''
MOD_SOCACHE_DBM_LDADD=''
MOD_SOCACHE_DC_LDADD=''
MOD_SOCACHE_MEMCACHE_LDADD=''
MOD_SOCACHE_SHMCB_LDADD=''
MOD_SO_ENABLED='yes'
MOD_SO_LDADD=''
MOD_SPELING_LDADD=''
MOD_SSL_LDADD=''
MOD_STATUS_LDADD=''
MOD_SUBSTITUTE_LDADD=''
MOD_SUEXEC_LDADD=''
MOD_UNIQUE_ID_LDADD=''
MOD_UNIXD_LDADD=''
MOD_USERDIR_LDADD=''
MOD_USERTRACK_LDADD=''
MOD_VERSION_LDADD=''
MOD_VHOST_ALIAS_LDADD=''
MOD_WATCHDOG_LDADD=''
MOD_XML2ENC_LDADD=''
MPM_LIB='server/mpm/event/libevent.la'
MPM_SUBDIRS=' event '
NONPORTABLE_SUPPORT='checkgid fcgistarter'
NOTEST_CFLAGS=''
NOTEST_CPPFLAGS=''
NOTEST_CXXFLAGS=''
NOTEST_LDFLAGS=''
NOTEST_LIBS=''
OBJEXT='o'
OS='unix'
OS_DIR='unix'
OS_SPECIFIC_VARS=''
PACKAGE_BUGREPORT=''
PACKAGE_NAME=''
PACKAGE_STRING=''
PACKAGE_TARNAME=''
PACKAGE_URL=''
PACKAGE_VERSION=''
PATH_SEPARATOR=':'
PCRE_CONFIG='/home/jiamin/usr//bin/pcre-config'
PCRE_LIBS='-L/home/jiamin/usr/lib -lpcre'
PICFLAGS=''
PILDFLAGS=''
PKGCONFIG='/usr/bin/pkg-config'
PORT='80'
POST_SHARED_CMDS='echo ""'
PRE_SHARED_CMDS='echo ""'
RANLIB='ranlib'
RM='/bin/rm'
RSYNC='/usr/bin/rsync'
SHELL='/bin/sh'
SHLIBPATH_VAR='LD_LIBRARY_PATH'
SHLTCFLAGS='-prefer-pic'
SH_LDFLAGS=''
SH_LIBS=''
SH_LIBTOOL='$(LIBTOOL)'
SSLPORT='443'
UTIL_LDFLAGS=''
ab_CFLAGS=''
ab_LDFLAGS=''
ab_LTFLAGS=''
abs_srcdir='/home/jiamin/OSDI/httpd'
ac_ct_CC='/home/jiamin/gcc/bin/gcc'
ap_make_delimiter=' '
ap_make_include='include'
bindir='${exec_prefix}/bin'
build='x86_64-unknown-linux-gnu'
build_alias=''
build_cpu='x86_64'
build_os='linux-gnu'
build_vendor='unknown'
cgidir='${datadir}/cgi-bin'
checkgid_LTFLAGS=''
datadir='${prefix}'
datarootdir='${prefix}/share'
docdir='${datarootdir}/doc/${PACKAGE}'
dvidir='${docdir}'
errordir='${datadir}/error'
exec_prefix='${prefix}'
exp_bindir='/home/jiamin/usr/bin'
exp_cgidir='/home/jiamin/usr/cgi-bin'
exp_datadir='/home/jiamin/usr'
exp_errordir='/home/jiamin/usr/error'
exp_exec_prefix='/home/jiamin/usr'
exp_htdocsdir='/home/jiamin/usr/htdocs'
exp_iconsdir='/home/jiamin/usr/icons'
exp_includedir='/home/jiamin/usr/include'
exp_installbuilddir='/home/jiamin/usr/build'
exp_libdir='/home/jiamin/usr/lib'
exp_libexecdir='/home/jiamin/usr/modules'
exp_localstatedir='/home/jiamin/usr'
exp_logfiledir='/home/jiamin/usr/logs'
exp_mandir='/home/jiamin/usr/man'
exp_manualdir='/home/jiamin/usr/manual'
exp_proxycachedir='/home/jiamin/usr/proxy'
exp_runtimedir='/home/jiamin/usr/logs'
exp_sbindir='/home/jiamin/usr/bin'
exp_sysconfdir='/home/jiamin/usr/conf'
fcgistarter_LTFLAGS=''
host='x86_64-unknown-linux-gnu'
host_alias=''
host_cpu='x86_64'
host_os='linux-gnu'
host_vendor='unknown'
htcacheclean_LTFLAGS=''
htdbm_LTFLAGS=''
htdigest_LTFLAGS=''
htdocsdir='${datadir}/htdocs'
htmldir='${docdir}'
htpasswd_LTFLAGS=''
httxt2dbm_LTFLAGS=''
iconsdir='${datadir}/icons'
includedir='${prefix}/include'
infodir='${datarootdir}/info'
installbuilddir='${datadir}/build'
libdir='${exec_prefix}/lib'
libexecdir='${exec_prefix}/modules'
localedir='${datarootdir}/locale'
localstatedir='${prefix}'
logfiledir='${localstatedir}/logs'
logresolve_LTFLAGS=''
mandir='${prefix}/man'
manualdir='${datadir}/manual'
oldincludedir='/usr/include'
other_targets=''
pdfdir='${docdir}'
perlbin='/usr/bin/perl'
prefix='/home/jiamin/usr'
progname='httpd'
program_transform_name='s,x,x,'
proxycachedir='${localstatedir}/proxy'
psdir='${docdir}'
rel_bindir='bin'
rel_cgidir='cgi-bin'
rel_datadir=''
rel_errordir='error'
rel_exec_prefix=''
rel_htdocsdir='htdocs'
rel_iconsdir='icons'
rel_includedir='include'
rel_installbuilddir='build'
rel_libdir='lib'
rel_libexecdir='modules'
rel_localstatedir=''
rel_logfiledir='logs'
rel_mandir='man'
rel_manualdir='manual'
rel_proxycachedir='proxy'
rel_runtimedir='logs'
rel_sbindir='bin'
rel_sysconfdir='conf'
rotatelogs_LTFLAGS=''
runtimedir='${localstatedir}/logs'
sbindir='${exec_prefix}/bin'
shared_build='shared-build'
sharedstatedir='${prefix}/com'
sysconfdir='${prefix}/conf'
target='x86_64-unknown-linux-gnu'
target_alias=''
target_cpu='x86_64'
target_os='linux-gnu'
target_vendor='unknown'

## ----------- ##
## confdefs.h. ##
## ----------- ##

/* confdefs.h */
#define PACKAGE_NAME ""
#define PACKAGE_TARNAME ""
#define PACKAGE_VERSION ""
#define PACKAGE_STRING ""
#define PACKAGE_BUGREPORT ""
#define PACKAGE_URL ""
#define STDC_HEADERS 1
#define HAVE_SYS_TYPES_H 1
#define HAVE_SYS_STAT_H 1
#define HAVE_STDLIB_H 1
#define HAVE_STRING_H 1
#define HAVE_MEMORY_H 1
#define HAVE_STRINGS_H 1
#define HAVE_INTTYPES_H 1
#define HAVE_STDINT_H 1
#define HAVE_UNISTD_H 1
#define __EXTENSIONS__ 1
#define _ALL_SOURCE 1
#define _GNU_SOURCE 1
#define _POSIX_PTHREAD_SEMANTICS 1
#define _TANDEM_SOURCE 1
#define STDC_HEADERS 1
#define HAVE_STRING_H 1
#define HAVE_LIMITS_H 1
#define HAVE_UNISTD_H 1
#define HAVE_SYS_SOCKET_H 1
#define HAVE_PWD_H 1
#define HAVE_GRP_H 1
#define HAVE_STRINGS_H 1
#define HAVE_SYS_PRCTL_H 1
#define HAVE_SYS_SEM_H 1
#define HAVE_SYS_WAIT_H 1
#define HAVE_GETPWNAM 1
#define HAVE_GETGRNAM 1
#define HAVE_INITGROUPS 1
#define HAVE_PRCTL 1
#define HAVE_TIMEGM 1
#define HAVE_GETPGID 1
#define HAVE_FOPEN64 1
#define HAVE_GETLOADAVG 1
#define HAVE_GETTID 1
#define HAVE_GMTOFF 1
#define HAVE_SYS_TIME_H 1
#define HAVE_SYS_RESOURCE_H 1
#define HAVE_SYS_SEM_H 1
#define HAVE_SYS_IPC_H 1
#define HAVE_SETSID 1
#define HAVE_KILLPG 1
#define HAVE_UNISTD_H 1
#define HAVE_SYSLOG 1
#define HAVE_SYS_TIMES_H 1
#define HAVE_TIMES 1
#define HAVE_EPOLL_CREATE 1
#define HAVE_PTHREAD_KILL 1
#define AP_USING_AUTOCONF 1
#define SINGLE_LISTEN_UNSERIALIZED_ACCEPT 1
#define AP_NONBLOCK_WHEN_MULTI_LISTEN 1
#define AP_ENABLE_V4_MAPPED 1
#define HTTPD_ROOT "/home/jiamin/usr"
#define SERVER_CONFIG_FILE "conf/httpd.conf"
#define AP_TYPES_CONFIG_FILE "conf/mime.types"

configure: exit 0
